[  3%] Built target ros_g29_force_feedback__cpp
[ 12%] Built target ros_g29_force_feedback__rosidl_generator_c
[ 21%] Built target ros_g29_force_feedback__rosidl_typesupport_cpp
[ 30%] Built target ros_g29_force_feedback__rosidl_typesupport_introspection_cpp
[ 39%] Built target ros_g29_force_feedback__rosidl_typesupport_c
[ 48%] Built target ros_g29_force_feedback__rosidl_typesupport_introspection_c
[ 57%] Built target ros_g29_force_feedback__rosidl_typesupport_fastrtps_cpp
[ 66%] Built target ros_g29_force_feedback__rosidl_typesupport_fastrtps_c
[ 66%] Built target ros_g29_force_feedback
[35m[1mScanning dependencies of target g29_force_feedback[0m
[ 69%] Built target ros_g29_force_feedback__py
[ 72%] [32mBuilding CXX object CMakeFiles/g29_force_feedback.dir/src/g29_force_feedback.cpp.o[0m
[ 78%] Built target ros_g29_force_feedback__python
[ 96%] Built target ros_g29_force_feedback__rosidl_typesupport_introspection_c__pyext
[ 96%] Built target ros_g29_force_feedback__rosidl_typesupport_fastrtps_c__pyext
[ 96%] Built target ros_g29_force_feedback__rosidl_typesupport_c__pyext
[01m[K/home/kcg/AlonBarak-Joy/ros2_ws/src/ros-g29-force-feedback/src/g29_force_feedback.cpp:[m[K In constructor â€˜[01m[KG29ForceFeedback::G29ForceFeedback()[m[Kâ€™:
[01m[K/home/kcg/AlonBarak-Joy/ros2_ws/src/ros-g29-force-feedback/src/g29_force_feedback.cpp:72:39:[m[K [01;31m[Kerror: [m[Kâ€˜[01m[Km_brake_torque[m[Kâ€™ was not declared in this scope; did you mean â€˜[01m[Km_max_torque[m[Kâ€™?
   72 |     declare_parameter("brake_torque", [01;31m[Km_brake_torque[m[K);
      |                                       [01;31m[K^~~~~~~~~~~~~~[m[K
      |                                       [32m[Km_max_torque[m[K
[01m[K/home/kcg/AlonBarak-Joy/ros2_ws/src/ros-g29-force-feedback/src/g29_force_feedback.cpp:[m[K In member function â€˜[01m[Kvoid G29ForceFeedback::calcRotateForce(double&, double&, const ForceFeedback&, const double&)[m[Kâ€™:
[01m[K/home/kcg/AlonBarak-Joy/ros2_ws/src/ros-g29-force-feedback/src/g29_force_feedback.cpp:148:34:[m[K [01;31m[Kerror: [m[Kâ€˜[01m[Km_brake_torque[m[Kâ€™ was not declared in this scope; did you mean â€˜[01m[Km_max_torque[m[Kâ€™?
  148 |         torque = target.torque * [01;31m[Km_brake_torque[m[K * -direction;
      |                                  [01;31m[K^~~~~~~~~~~~~~[m[K
      |                                  [32m[Km_max_torque[m[K
[01m[K/home/kcg/AlonBarak-Joy/ros2_ws/src/ros-g29-force-feedback/src/g29_force_feedback.cpp:[m[K In member function â€˜[01m[Kvoid G29ForceFeedback::uploadForce(const double&, const double&, const double&)[m[Kâ€™:
[01m[K/home/kcg/AlonBarak-Joy/ros2_ws/src/ros-g29-force-feedback/src/g29_force_feedback.cpp:195:14:[m[K [01;31m[Kerror: [m[Kassignment of read-only reference â€˜[01m[Kposition[m[Kâ€™
  195 |     [01;31m[Kposition = position[m[K;
      |     [01;31m[K~~~~~~~~~^~~~~~~~~~[m[K
make[2]: *** [CMakeFiles/g29_force_feedback.dir/build.make:63: CMakeFiles/g29_force_feedback.dir/src/g29_force_feedback.cpp.o] Error 1
make[1]: *** [CMakeFiles/Makefile2:124: CMakeFiles/g29_force_feedback.dir/all] Error 2
make: *** [Makefile:141: all] Error 2
