In file included from [01m[K/home/shovals/copy/idan_driver_ws/idan_driver/include/autoware_auto_msgs/build/additional_msgs/rosidl_generator_c/additional_msgs/msg/detail/trajectory_array__functions.h:19[m[K,
                 from [01m[K/home/shovals/copy/idan_driver_ws/idan_driver/include/autoware_auto_msgs/build/additional_msgs/rosidl_generator_c/additional_msgs/msg/detail/trajectory_array__functions.c:4[m[K:
[01m[K/home/shovals/copy/idan_driver_ws/idan_driver/include/autoware_auto_msgs/build/additional_msgs/rosidl_generator_c/additional_msgs/msg/detail/trajectory_array__struct.h:30:10:[m[K [01;31m[Kfatal error: [m[Kautoware_auto_msgs/msg/detail/trajectory__struct.h: No such file or directory
   30 | #include [01;31m[K"autoware_auto_msgs/msg/detail/trajectory__struct.h"[m[K
      |          [01;31m[K^~~~~~~~~~~~~~~~~~~~~~~~~~~~~~~~~~~~~~~~~~~~~~~~~~~~[m[K
compilation terminated.
make[2]: *** [CMakeFiles/additional_msgs__rosidl_generator_c.dir/build.make:255: CMakeFiles/additional_msgs__rosidl_generator_c.dir/rosidl_generator_c/additional_msgs/msg/detail/trajectory_array__functions.c.o] Error 1
make[2]: *** Waiting for unfinished jobs....
make[1]: *** [CMakeFiles/Makefile2:298: CMakeFiles/additional_msgs__rosidl_generator_c.dir/all] Error 2
make[1]: *** Waiting for unfinished jobs....
In file included from [01m[K/home/shovals/copy/idan_driver_ws/idan_driver/include/autoware_auto_msgs/build/additional_msgs/rosidl_typesupport_cpp/additional_msgs/msg/trajectory_array__type_support.cpp:7[m[K:
[01m[K/home/shovals/copy/idan_driver_ws/idan_driver/include/autoware_auto_msgs/build/additional_msgs/rosidl_generator_cpp/additional_msgs/msg/detail/trajectory_array__struct.hpp:21:10:[m[K [01;31m[Kfatal error: [m[Kautoware_auto_msgs/msg/detail/trajectory__struct.hpp: No such file or directory
   21 | #include [01;31m[K"autoware_auto_msgs/msg/detail/trajectory__struct.hpp"[m[K
      |          [01;31m[K^~~~~~~~~~~~~~~~~~~~~~~~~~~~~~~~~~~~~~~~~~~~~~~~~~~~~~[m[K
compilation terminated.
make[2]: *** [CMakeFiles/additional_msgs__rosidl_typesupport_cpp.dir/build.make:200: CMakeFiles/additional_msgs__rosidl_typesupport_cpp.dir/rosidl_typesupport_cpp/additional_msgs/msg/trajectory_array__type_support.cpp.o] Error 1
make[2]: *** Waiting for unfinished jobs....
In file included from [01m[K/home/shovals/copy/idan_driver_ws/idan_driver/include/autoware_auto_msgs/build/additional_msgs/rosidl_typesupport_introspection_cpp/additional_msgs/msg/detail/trajectory_array__type_support.cpp:12[m[K:
[01m[K/home/shovals/copy/idan_driver_ws/idan_driver/include/autoware_auto_msgs/build/additional_msgs/rosidl_generator_cpp/additional_msgs/msg/detail/trajectory_array__struct.hpp:21:10:[m[K [01;31m[Kfatal error: [m[Kautoware_auto_msgs/msg/detail/trajectory__struct.hpp: No such file or directory
   21 | #include [01;31m[K"autoware_auto_msgs/msg/detail/trajectory__struct.hpp"[m[K
      |          [01;31m[K^~~~~~~~~~~~~~~~~~~~~~~~~~~~~~~~~~~~~~~~~~~~~~~~~~~~~~[m[K
compilation terminated.
make[2]: *** [CMakeFiles/additional_msgs__rosidl_typesupport_introspection_cpp.dir/build.make:214: CMakeFiles/additional_msgs__rosidl_typesupport_introspection_cpp.dir/rosidl_typesupport_introspection_cpp/additional_msgs/msg/detail/trajectory_array__type_support.cpp.o] Error 1
make[2]: *** Waiting for unfinished jobs....
In file included from [01m[K/home/shovals/copy/idan_driver_ws/idan_driver/include/autoware_auto_msgs/build/additional_msgs/rosidl_typesupport_fastrtps_cpp/additional_msgs/msg/detail/trajectory_array__rosidl_typesupport_fastrtps_cpp.hpp:11[m[K,
                 from [01m[K/home/shovals/copy/idan_driver_ws/idan_driver/include/autoware_auto_msgs/build/additional_msgs/rosidl_typesupport_fastrtps_cpp/additional_msgs/msg/detail/dds_fastrtps/trajectory_array__type_support.cpp:4[m[K:
[01m[K/home/shovals/copy/idan_driver_ws/idan_driver/include/autoware_auto_msgs/build/additional_msgs/rosidl_generator_cpp/additional_msgs/msg/detail/trajectory_array__struct.hpp:21:10:[m[K [01;31m[Kfatal error: [m[Kautoware_auto_msgs/msg/detail/trajectory__struct.hpp: No such file or directory
   21 | #include [01;31m[K"autoware_auto_msgs/msg/detail/trajectory__struct.hpp"[m[K
      |          [01;31m[K^~~~~~~~~~~~~~~~~~~~~~~~~~~~~~~~~~~~~~~~~~~~~~~~~~~~~~[m[K
compilation terminated.
make[2]: *** [CMakeFiles/additional_msgs__rosidl_typesupport_fastrtps_cpp.dir/build.make:214: CMakeFiles/additional_msgs__rosidl_typesupport_fastrtps_cpp.dir/rosidl_typesupport_fastrtps_cpp/additional_msgs/msg/detail/dds_fastrtps/trajectory_array__type_support.cpp.o] Error 1
make[2]: *** Waiting for unfinished jobs....
make[1]: *** [CMakeFiles/Makefile2:526: CMakeFiles/additional_msgs__rosidl_typesupport_cpp.dir/all] Error 2
make[1]: *** [CMakeFiles/Makefile2:465: CMakeFiles/additional_msgs__rosidl_typesupport_introspection_cpp.dir/all] Error 2
make[1]: *** [CMakeFiles/Makefile2:381: CMakeFiles/additional_msgs__rosidl_typesupport_fastrtps_cpp.dir/all] Error 2
make: *** [Makefile:141: all] Error 2
