-- The C compiler identification is GNU 9.4.0
-- The CXX compiler identification is GNU 9.4.0
-- Check for working C compiler: /usr/bin/cc
-- Check for working C compiler: /usr/bin/cc -- works
-- Detecting C compiler ABI info
-- Detecting C compiler ABI info - done
-- Detecting C compile features
-- Detecting C compile features - done
-- Check for working CXX compiler: /usr/bin/c++
-- Check for working CXX compiler: /usr/bin/c++ -- works
-- Detecting CXX compiler ABI info
-- Detecting CXX compiler ABI info - done
-- Detecting CXX compile features
-- Detecting CXX compile features - done
-- Found ament_cmake_auto: 0.9.9 (/opt/ros/foxy/share/ament_cmake_auto/cmake)
-- Found PythonInterp: /usr/bin/python3 (found suitable version "3.8.10", minimum required is "3") 
-- Using PYTHON_EXECUTABLE: /usr/bin/python3
-- Using all available rosidl_typesupport_c: rosidl_typesupport_fastrtps_c;rosidl_typesupport_introspection_c
-- Found rosidl_adapter: 1.2.1 (/opt/ros/foxy/share/rosidl_adapter/cmake)
-- Found OpenSSL: /usr/lib/x86_64-linux-gnu/libcrypto.so (found version "1.1.1f")  
-- Found FastRTPS: /opt/ros/foxy/include  
-- Using all available rosidl_typesupport_cpp: rosidl_typesupport_fastrtps_cpp;rosidl_typesupport_introspection_cpp
-- Found ament_cmake_cppcheck: 0.9.6 (/opt/ros/foxy/share/ament_cmake_cppcheck/cmake)
-- Found ament_cmake_cpplint: 0.9.6 (/opt/ros/foxy/share/ament_cmake_cpplint/cmake)
-- Found ament_cmake_uncrustify: 0.9.6 (/opt/ros/foxy/share/ament_cmake_uncrustify/cmake)
-- Found ament_cmake_ros: 0.9.2 (/opt/ros/foxy/share/ament_cmake_ros/cmake)
-- Using all available rosidl_typesupport_c: rosidl_typesupport_fastrtps_c;rosidl_typesupport_introspection_c
-- Using all available rosidl_typesupport_cpp: rosidl_typesupport_fastrtps_cpp;rosidl_typesupport_introspection_cpp
-- Found PythonInterp: /usr/bin/python3 (found suitable version "3.8.10", minimum required is "3.5") 
-- Found python_cmake_module: 0.8.1 (/opt/ros/foxy/share/python_cmake_module/cmake)
-- Found PythonLibs: /usr/lib/x86_64-linux-gnu/libpython3.8.so (found suitable version "3.8.10", minimum required is "3.5") 
-- Using PYTHON_EXECUTABLE: /usr/bin/python3
-- Using PYTHON_INCLUDE_DIRS: /usr/include/python3.8
-- Using PYTHON_LIBRARIES: /usr/lib/x86_64-linux-gnu/libpython3.8.so
-- Found PythonExtra: .so  
-- Found ament_cmake_flake8: 0.9.6 (/opt/ros/foxy/share/ament_cmake_flake8/cmake)
-- Found ament_cmake_pep257: 0.9.6 (/opt/ros/foxy/share/ament_cmake_pep257/cmake)
-- Found ament_lint_auto: 0.9.6 (/opt/ros/foxy/share/ament_lint_auto/cmake)
-- Added test 'cppcheck' to perform static code analysis on C / C++ code
-- Configured cppcheck include dirs: 
-- Configured cppcheck exclude dirs and/or files: 
-- Added test 'cpplint' to check C / C++ code against the Google style
-- Configured cpplint exclude dirs and/or files: 
-- Added test 'uncrustify' to check C / C++ code style
-- Configured uncrustify additional arguments: 
-- Added test 'flake8' to check Python code syntax and style conventions
-- Added test 'pep257' to check Python code against some of the style conventions in PEP 257
-- Added test 'copyright' to check source files copyright and LICENSE
-- Added test 'lint_cmake' to check CMake code style
-- Added test 'xmllint' to check XML markup files
-- Configuring done
-- Generating done
-- Build files have been written to: /home/shovals/copy/idan_driver_ws/idan_driver/include/autoware_auto_msgs/build/additional_msgs
[35m[1mScanning dependencies of target additional_msgs__cpp[0m
[  1%] [34m[1mGenerating C code for ROS interfaces[0m
[  3%] [34m[1mGenerating C++ code for ROS interfaces[0m
[  3%] Built target additional_msgs__cpp
[35m[1mScanning dependencies of target additional_msgs__rosidl_generator_c[0m
[  5%] [34m[1mGenerating C++ type support dispatch for ROS interfaces[0m
[  7%] [34m[1mGenerating C++ introspection for ROS interfaces[0m
[  9%] [34m[1mGenerating C++ type support for eProsima Fast-RTPS[0m
[ 10%] [32mBuilding C object CMakeFiles/additional_msgs__rosidl_generator_c.dir/rosidl_generator_c/additional_msgs/msg/detail/can_packet__functions.c.o[0m
[ 16%] [32mBuilding C object CMakeFiles/additional_msgs__rosidl_generator_c.dir/rosidl_generator_c/additional_msgs/msg/detail/friction__functions.c.o[0m
[ 16%] [32mBuilding C object CMakeFiles/additional_msgs__rosidl_generator_c.dir/rosidl_generator_c/additional_msgs/msg/detail/target_point__functions.c.o[0m
[ 16%] [32mBuilding C object CMakeFiles/additional_msgs__rosidl_generator_c.dir/rosidl_generator_c/additional_msgs/msg/detail/trajectory_array__functions.c.o[0m
In file included from [01m[K/home/shovals/copy/idan_driver_ws/idan_driver/include/autoware_auto_msgs/build/additional_msgs/rosidl_generator_c/additional_msgs/msg/detail/trajectory_array__functions.h:19[m[K,
                 from [01m[K/home/shovals/copy/idan_driver_ws/idan_driver/include/autoware_auto_msgs/build/additional_msgs/rosidl_generator_c/additional_msgs/msg/detail/trajectory_array__functions.c:4[m[K:
[01m[K/home/shovals/copy/idan_driver_ws/idan_driver/include/autoware_auto_msgs/build/additional_msgs/rosidl_generator_c/additional_msgs/msg/detail/trajectory_array__struct.h:30:10:[m[K [01;31m[Kfatal error: [m[Kautoware_auto_msgs/msg/detail/trajectory__struct.h: No such file or directory
   30 | #include [01;31m[K"autoware_auto_msgs/msg/detail/trajectory__struct.h"[m[K
      |          [01;31m[K^~~~~~~~~~~~~~~~~~~~~~~~~~~~~~~~~~~~~~~~~~~~~~~~~~~~[m[K
compilation terminated.
make[2]: *** [CMakeFiles/additional_msgs__rosidl_generator_c.dir/build.make:255: CMakeFiles/additional_msgs__rosidl_generator_c.dir/rosidl_generator_c/additional_msgs/msg/detail/trajectory_array__functions.c.o] Error 1
make[2]: *** Waiting for unfinished jobs....
make[1]: *** [CMakeFiles/Makefile2:298: CMakeFiles/additional_msgs__rosidl_generator_c.dir/all] Error 2
make[1]: *** Waiting for unfinished jobs....
[35m[1mScanning dependencies of target additional_msgs__rosidl_typesupport_cpp[0m
[ 18%] [32mBuilding CXX object CMakeFiles/additional_msgs__rosidl_typesupport_cpp.dir/rosidl_typesupport_cpp/additional_msgs/msg/can_packet__type_support.cpp.o[0m
[ 20%] [32mBuilding CXX object CMakeFiles/additional_msgs__rosidl_typesupport_cpp.dir/rosidl_typesupport_cpp/additional_msgs/msg/trajectory_array__type_support.cpp.o[0m
[ 21%] [32mBuilding CXX object CMakeFiles/additional_msgs__rosidl_typesupport_cpp.dir/rosidl_typesupport_cpp/additional_msgs/msg/friction__type_support.cpp.o[0m
[ 23%] [32mBuilding CXX object CMakeFiles/additional_msgs__rosidl_typesupport_cpp.dir/rosidl_typesupport_cpp/additional_msgs/msg/target_point__type_support.cpp.o[0m
[35m[1mScanning dependencies of target additional_msgs__rosidl_typesupport_introspection_cpp[0m
[ 25%] [32mBuilding CXX object CMakeFiles/additional_msgs__rosidl_typesupport_introspection_cpp.dir/rosidl_typesupport_introspection_cpp/additional_msgs/msg/detail/target_point__type_support.cpp.o[0m
[ 27%] [32mBuilding CXX object CMakeFiles/additional_msgs__rosidl_typesupport_introspection_cpp.dir/rosidl_typesupport_introspection_cpp/additional_msgs/msg/detail/trajectory_array__type_support.cpp.o[0m
[ 29%] [32mBuilding CXX object CMakeFiles/additional_msgs__rosidl_typesupport_introspection_cpp.dir/rosidl_typesupport_introspection_cpp/additional_msgs/msg/detail/friction__type_support.cpp.o[0m
[ 30%] [32mBuilding CXX object CMakeFiles/additional_msgs__rosidl_typesupport_introspection_cpp.dir/rosidl_typesupport_introspection_cpp/additional_msgs/msg/detail/can_packet__type_support.cpp.o[0m
In file included from [01m[K/home/shovals/copy/idan_driver_ws/idan_driver/include/autoware_auto_msgs/build/additional_msgs/rosidl_typesupport_cpp/additional_msgs/msg/trajectory_array__type_support.cpp:7[m[K:
[01m[K/home/shovals/copy/idan_driver_ws/idan_driver/include/autoware_auto_msgs/build/additional_msgs/rosidl_generator_cpp/additional_msgs/msg/detail/trajectory_array__struct.hpp:21:10:[m[K [01;31m[Kfatal error: [m[Kautoware_auto_msgs/msg/detail/trajectory__struct.hpp: No such file or directory
   21 | #include [01;31m[K"autoware_auto_msgs/msg/detail/trajectory__struct.hpp"[m[K
      |          [01;31m[K^~~~~~~~~~~~~~~~~~~~~~~~~~~~~~~~~~~~~~~~~~~~~~~~~~~~~~[m[K
compilation terminated.
make[2]: *** [CMakeFiles/additional_msgs__rosidl_typesupport_cpp.dir/build.make:200: CMakeFiles/additional_msgs__rosidl_typesupport_cpp.dir/rosidl_typesupport_cpp/additional_msgs/msg/trajectory_array__type_support.cpp.o] Error 1
make[2]: *** Waiting for unfinished jobs....
[35m[1mScanning dependencies of target additional_msgs__rosidl_typesupport_fastrtps_cpp[0m
[ 34%] [32mBuilding CXX object CMakeFiles/additional_msgs__rosidl_typesupport_fastrtps_cpp.dir/rosidl_typesupport_fastrtps_cpp/additional_msgs/msg/detail/dds_fastrtps/target_point__type_support.cpp.o[0m
[ 34%] [32mBuilding CXX object CMakeFiles/additional_msgs__rosidl_typesupport_fastrtps_cpp.dir/rosidl_typesupport_fastrtps_cpp/additional_msgs/msg/detail/dds_fastrtps/friction__type_support.cpp.o[0m
[ 36%] [32mBuilding CXX object CMakeFiles/additional_msgs__rosidl_typesupport_fastrtps_cpp.dir/rosidl_typesupport_fastrtps_cpp/additional_msgs/msg/detail/dds_fastrtps/trajectory_array__type_support.cpp.o[0m
[ 38%] [32mBuilding CXX object CMakeFiles/additional_msgs__rosidl_typesupport_fastrtps_cpp.dir/rosidl_typesupport_fastrtps_cpp/additional_msgs/msg/detail/dds_fastrtps/can_packet__type_support.cpp.o[0m
In file included from [01m[K/home/shovals/copy/idan_driver_ws/idan_driver/include/autoware_auto_msgs/build/additional_msgs/rosidl_typesupport_introspection_cpp/additional_msgs/msg/detail/trajectory_array__type_support.cpp:12[m[K:
[01m[K/home/shovals/copy/idan_driver_ws/idan_driver/include/autoware_auto_msgs/build/additional_msgs/rosidl_generator_cpp/additional_msgs/msg/detail/trajectory_array__struct.hpp:21:10:[m[K [01;31m[Kfatal error: [m[Kautoware_auto_msgs/msg/detail/trajectory__struct.hpp: No such file or directory
   21 | #include [01;31m[K"autoware_auto_msgs/msg/detail/trajectory__struct.hpp"[m[K
      |          [01;31m[K^~~~~~~~~~~~~~~~~~~~~~~~~~~~~~~~~~~~~~~~~~~~~~~~~~~~~~[m[K
compilation terminated.
make[2]: *** [CMakeFiles/additional_msgs__rosidl_typesupport_introspection_cpp.dir/build.make:214: CMakeFiles/additional_msgs__rosidl_typesupport_introspection_cpp.dir/rosidl_typesupport_introspection_cpp/additional_msgs/msg/detail/trajectory_array__type_support.cpp.o] Error 1
make[2]: *** Waiting for unfinished jobs....
In file included from [01m[K/home/shovals/copy/idan_driver_ws/idan_driver/include/autoware_auto_msgs/build/additional_msgs/rosidl_typesupport_fastrtps_cpp/additional_msgs/msg/detail/trajectory_array__rosidl_typesupport_fastrtps_cpp.hpp:11[m[K,
                 from [01m[K/home/shovals/copy/idan_driver_ws/idan_driver/include/autoware_auto_msgs/build/additional_msgs/rosidl_typesupport_fastrtps_cpp/additional_msgs/msg/detail/dds_fastrtps/trajectory_array__type_support.cpp:4[m[K:
[01m[K/home/shovals/copy/idan_driver_ws/idan_driver/include/autoware_auto_msgs/build/additional_msgs/rosidl_generator_cpp/additional_msgs/msg/detail/trajectory_array__struct.hpp:21:10:[m[K [01;31m[Kfatal error: [m[Kautoware_auto_msgs/msg/detail/trajectory__struct.hpp: No such file or directory
   21 | #include [01;31m[K"autoware_auto_msgs/msg/detail/trajectory__struct.hpp"[m[K
      |          [01;31m[K^~~~~~~~~~~~~~~~~~~~~~~~~~~~~~~~~~~~~~~~~~~~~~~~~~~~~~[m[K
compilation terminated.
make[2]: *** [CMakeFiles/additional_msgs__rosidl_typesupport_fastrtps_cpp.dir/build.make:214: CMakeFiles/additional_msgs__rosidl_typesupport_fastrtps_cpp.dir/rosidl_typesupport_fastrtps_cpp/additional_msgs/msg/detail/dds_fastrtps/trajectory_array__type_support.cpp.o] Error 1
make[2]: *** Waiting for unfinished jobs....
make[1]: *** [CMakeFiles/Makefile2:526: CMakeFiles/additional_msgs__rosidl_typesupport_cpp.dir/all] Error 2
make[1]: *** [CMakeFiles/Makefile2:465: CMakeFiles/additional_msgs__rosidl_typesupport_introspection_cpp.dir/all] Error 2
make[1]: *** [CMakeFiles/Makefile2:381: CMakeFiles/additional_msgs__rosidl_typesupport_fastrtps_cpp.dir/all] Error 2
make: *** [Makefile:141: all] Error 2
