[0.009s] Invoking command in '/home/kcg/copy/idan_driver_ws/build/autoware_auto_msgs': CMAKE_PREFIX_PATH=/opt/ros/foxy /usr/bin/cmake /home/kcg/copy/idan_driver_ws/src/msgs/autoware_auto_msgs -DCMAKE_INSTALL_PREFIX=/home/kcg/copy/idan_driver_ws/install/autoware_auto_msgs
[0.039s] -- The C compiler identification is GNU 9.4.0
[0.069s] -- The CXX compiler identification is GNU 9.4.0
[0.072s] -- Check for working C compiler: /usr/bin/cc
[0.115s] -- Check for working C compiler: /usr/bin/cc -- works
[0.115s] -- Detecting C compiler ABI info
[0.157s] -- Detecting C compiler ABI info - done
[0.164s] -- Detecting C compile features
[0.164s] -- Detecting C compile features - done
[0.166s] -- Check for working CXX compiler: /usr/bin/c++
[0.211s] -- Check for working CXX compiler: /usr/bin/c++ -- works
[0.212s] -- Detecting CXX compiler ABI info
[0.258s] -- Detecting CXX compiler ABI info - done
[0.265s] -- Detecting CXX compile features
[0.266s] -- Detecting CXX compile features - done
[0.267s] -- Found ament_cmake_auto: 0.9.9 (/opt/ros/foxy/share/ament_cmake_auto/cmake)
[0.282s] -- Found PythonInterp: /usr/bin/python3 (found suitable version "3.8.10", minimum required is "3") 
[0.283s] -- Using PYTHON_EXECUTABLE: /usr/bin/python3
[0.444s] -- Using all available rosidl_typesupport_c: rosidl_typesupport_fastrtps_c;rosidl_typesupport_introspection_c
[0.447s] -- Found rosidl_adapter: 1.2.1 (/opt/ros/foxy/share/rosidl_adapter/cmake)
[0.496s] -- Found OpenSSL: /usr/lib/x86_64-linux-gnu/libcrypto.so (found version "1.1.1f")  
[0.512s] -- Found FastRTPS: /opt/ros/foxy/include  
[0.558s] -- Using all available rosidl_typesupport_cpp: rosidl_typesupport_fastrtps_cpp;rosidl_typesupport_introspection_cpp
[0.620s] -- Found ament_cmake_cppcheck: 0.9.6 (/opt/ros/foxy/share/ament_cmake_cppcheck/cmake)
[0.621s] -- Found ament_cmake_cpplint: 0.9.6 (/opt/ros/foxy/share/ament_cmake_cpplint/cmake)
[0.622s] -- Found ament_cmake_uncrustify: 0.9.6 (/opt/ros/foxy/share/ament_cmake_uncrustify/cmake)
[0.623s] -- Found ament_cmake_ros: 0.9.2 (/opt/ros/foxy/share/ament_cmake_ros/cmake)
[0.727s] -- Using all available rosidl_typesupport_c: rosidl_typesupport_fastrtps_c;rosidl_typesupport_introspection_c
[0.768s] -- Using all available rosidl_typesupport_cpp: rosidl_typesupport_fastrtps_cpp;rosidl_typesupport_introspection_cpp
[0.784s] -- Found PythonInterp: /usr/bin/python3 (found suitable version "3.8.10", minimum required is "3.5") 
[0.785s] -- Found python_cmake_module: 0.8.1 (/opt/ros/foxy/share/python_cmake_module/cmake)
[0.801s] -- Found PythonLibs: /usr/lib/x86_64-linux-gnu/libpython3.8.so (found suitable version "3.8.10", minimum required is "3.5") 
[0.801s] -- Using PYTHON_EXECUTABLE: /usr/bin/python3
[0.801s] -- Using PYTHON_INCLUDE_DIRS: /usr/include/python3.8
[0.801s] -- Using PYTHON_LIBRARIES: /usr/lib/x86_64-linux-gnu/libpython3.8.so
[0.814s] -- Found PythonExtra: .so  
[0.852s] -- Found ament_cmake_flake8: 0.9.6 (/opt/ros/foxy/share/ament_cmake_flake8/cmake)
[0.853s] -- Found ament_cmake_pep257: 0.9.6 (/opt/ros/foxy/share/ament_cmake_pep257/cmake)
[0.854s] -- Found ament_lint_auto: 0.9.6 (/opt/ros/foxy/share/ament_lint_auto/cmake)
[0.876s] -- Added test 'cppcheck' to perform static code analysis on C / C++ code
[0.877s] -- Configured cppcheck include dirs: 
[0.877s] -- Configured cppcheck exclude dirs and/or files: 
[0.892s] -- Added test 'cpplint' to check C / C++ code against the Google style
[0.892s] -- Configured cpplint exclude dirs and/or files: 
[0.909s] -- Added test 'uncrustify' to check C / C++ code style
[0.909s] -- Configured uncrustify additional arguments: 
[0.910s] -- Added test 'flake8' to check Python code syntax and style conventions
[0.911s] -- Added test 'pep257' to check Python code against some of the style conventions in PEP 257
[0.911s] -- Added test 'copyright' to check source files copyright and LICENSE
[0.915s] -- Added test 'lint_cmake' to check CMake code style
[0.917s] -- Added test 'xmllint' to check XML markup files
[0.920s] -- Configuring done
[0.945s] -- Generating done
[0.947s] -- Build files have been written to: /home/kcg/copy/idan_driver_ws/build/autoware_auto_msgs
[0.952s] Invoked command in '/home/kcg/copy/idan_driver_ws/build/autoware_auto_msgs' returned '0': CMAKE_PREFIX_PATH=/opt/ros/foxy /usr/bin/cmake /home/kcg/copy/idan_driver_ws/src/msgs/autoware_auto_msgs -DCMAKE_INSTALL_PREFIX=/home/kcg/copy/idan_driver_ws/install/autoware_auto_msgs
[0.954s] Invoking command in '/home/kcg/copy/idan_driver_ws/build/autoware_auto_msgs': CMAKE_PREFIX_PATH=/opt/ros/foxy /usr/bin/cmake --build /home/kcg/copy/idan_driver_ws/build/autoware_auto_msgs -- -j20 -l20
[0.977s] [35m[1mScanning dependencies of target autoware_auto_msgs__cpp[0m
[0.978s] [  3%] [34m[1mGenerating C code for ROS interfaces[0m
[0.983s] [  6%] [34m[1mGenerating C++ code for ROS interfaces[0m
[1.151s] [35m[1mScanning dependencies of target autoware_auto_msgs__rosidl_generator_c[0m
[1.158s] [  9%] [32mBuilding C object CMakeFiles/autoware_auto_msgs__rosidl_generator_c.dir/rosidl_generator_c/autoware_auto_msgs/msg/detail/vehicle_control_command__functions.c.o[0m
[1.159s] [  9%] Built target autoware_auto_msgs__cpp
[1.165s] [ 19%] [34m[1mGenerating C++ type support for eProsima Fast-RTPS[0m
[1.165s] [ 19%] [34m[1mGenerating C++ introspection for ROS interfaces[0m
[1.165s] [ 19%] [34m[1mGenerating C++ type support dispatch for ROS interfaces[0m
[1.182s] [ 22%] [32m[1mLinking C shared library libautoware_auto_msgs__rosidl_generator_c.so[0m
[1.204s] [ 22%] Built target autoware_auto_msgs__rosidl_generator_c
[1.211s] [ 29%] [34m[1mGenerating C type support dispatch for ROS interfaces[0m
[1.211s] [ 29%] [34m[1mGenerating C introspection for ROS interfaces[0m
[1.328s] [35m[1mScanning dependencies of target autoware_auto_msgs__rosidl_typesupport_cpp[0m
[1.336s] [ 32%] [32mBuilding CXX object CMakeFiles/autoware_auto_msgs__rosidl_typesupport_cpp.dir/rosidl_typesupport_cpp/autoware_auto_msgs/msg/vehicle_control_command__type_support.cpp.o[0m
[1.341s] [35m[1mScanning dependencies of target autoware_auto_msgs__rosidl_typesupport_fastrtps_cpp[0m
[1.350s] [ 35%] [32mBuilding CXX object CMakeFiles/autoware_auto_msgs__rosidl_typesupport_fastrtps_cpp.dir/rosidl_typesupport_fastrtps_cpp/autoware_auto_msgs/msg/detail/dds_fastrtps/vehicle_control_command__type_support.cpp.o[0m
[1.371s] [35m[1mScanning dependencies of target autoware_auto_msgs__rosidl_typesupport_c[0m
[1.379s] [ 38%] [32mBuilding CXX object CMakeFiles/autoware_auto_msgs__rosidl_typesupport_c.dir/rosidl_typesupport_c/autoware_auto_msgs/msg/vehicle_control_command__type_support.cpp.o[0m
[1.386s] [01m[K/home/kcg/copy/idan_driver_ws/build/autoware_auto_msgs/rosidl_typesupport_c/autoware_auto_msgs/msg/vehicle_control_command__type_support.cpp:[m[K In function â€˜[01m[Kconst rosidl_message_type_support_t* rosidl_typesupport_c__get_message_type_support_handle__autoware_auto_msgs__msg__VehicleControlCommand()[m[Kâ€™:
[1.386s] [01m[K/home/kcg/copy/idan_driver_ws/build/autoware_auto_msgs/rosidl_typesupport_c/autoware_auto_msgs/msg/vehicle_control_command__type_support.cpp:91:13:[m[K [01;31m[Kerror: [m[Kâ€˜[01m[K::autoware_auto_msgs[m[Kâ€™ has not been declared
[1.386s]    91 |   return &::[01;31m[Kautoware_auto_msgs[m[K::msg::rosidl_typesupport_c::VehicleControlCommand_message_type_support_handle;
[1.386s]       |             [01;31m[K^~~~~~~~~~~~~~~~~~[m[K
[1.386s] make[2]: *** [CMakeFiles/autoware_auto_msgs__rosidl_typesupport_c.dir/build.make:105: CMakeFiles/autoware_auto_msgs__rosidl_typesupport_c.dir/rosidl_typesupport_c/autoware_auto_msgs/msg/vehicle_control_command__type_support.cpp.o] Error 1
[1.387s] make[1]: *** [CMakeFiles/Makefile2:408: CMakeFiles/autoware_auto_msgs__rosidl_typesupport_c.dir/all] Error 2
[1.387s] make[1]: *** Waiting for unfinished jobs....
[1.387s] [35m[1mScanning dependencies of target autoware_auto_msgs__rosidl_typesupport_introspection_c[0m
[1.394s] [ 41%] [32mBuilding C object CMakeFiles/autoware_auto_msgs__rosidl_typesupport_introspection_c.dir/rosidl_typesupport_introspection_c/autoware_auto_msgs/msg/detail/vehicle_control_command__type_support.c.o[0m
[1.395s] [35m[1mScanning dependencies of target autoware_auto_msgs__rosidl_typesupport_introspection_cpp[0m
[1.402s] [ 45%] [32mBuilding CXX object CMakeFiles/autoware_auto_msgs__rosidl_typesupport_introspection_cpp.dir/rosidl_typesupport_introspection_cpp/autoware_auto_msgs/msg/detail/vehicle_control_command__type_support.cpp.o[0m
[1.403s] [01m[K/home/kcg/copy/idan_driver_ws/build/autoware_auto_msgs/rosidl_typesupport_introspection_c/autoware_auto_msgs/msg/detail/vehicle_control_command__type_support.c:[m[K In function â€˜[01m[KVehicleControlCommand__rosidl_typesupport_introspection_c__VehicleControlCommand_init_function[m[Kâ€™:
[1.403s] [01m[K/home/kcg/copy/idan_driver_ws/build/autoware_auto_msgs/rosidl_typesupport_introspection_c/autoware_auto_msgs/msg/detail/vehicle_control_command__type_support.c:32:3:[m[K [01;35m[Kwarning: [m[Kimplicit declaration of function â€˜[01m[Kautoware_auto_msgs__msg__VehicleControlCommand__init[m[Kâ€™; did you mean â€˜[01m[Kautoware_auto_vehicle_msgs__msg__VehicleControlCommand__init[m[Kâ€™? [[01;35m[K-Wimplicit-function-declaration[m[K]
[1.403s]    32 |   [01;35m[Kautoware_auto_msgs__msg__VehicleControlCommand__init[m[K(message_memory);
[1.403s]       |   [01;35m[K^~~~~~~~~~~~~~~~~~~~~~~~~~~~~~~~~~~~~~~~~~~~~~~~~~~~[m[K
[1.403s]       |   [32m[Kautoware_auto_vehicle_msgs__msg__VehicleControlCommand__init[m[K
[1.403s] [01m[K/home/kcg/copy/idan_driver_ws/build/autoware_auto_msgs/rosidl_typesupport_introspection_c/autoware_auto_msgs/msg/detail/vehicle_control_command__type_support.c:[m[K In function â€˜[01m[KVehicleControlCommand__rosidl_typesupport_introspection_c__VehicleControlCommand_fini_function[m[Kâ€™:
[1.403s] [01m[K/home/kcg/copy/idan_driver_ws/build/autoware_auto_msgs/rosidl_typesupport_introspection_c/autoware_auto_msgs/msg/detail/vehicle_control_command__type_support.c:37:3:[m[K [01;35m[Kwarning: [m[Kimplicit declaration of function â€˜[01m[Kautoware_auto_msgs__msg__VehicleControlCommand__fini[m[Kâ€™; did you mean â€˜[01m[Kautoware_auto_vehicle_msgs__msg__VehicleControlCommand__fini[m[Kâ€™? [[01;35m[K-Wimplicit-function-declaration[m[K]
[1.403s]    37 |   [01;35m[Kautoware_auto_msgs__msg__VehicleControlCommand__fini[m[K(message_memory);
[1.404s]       |   [01;35m[K^~~~~~~~~~~~~~~~~~~~~~~~~~~~~~~~~~~~~~~~~~~~~~~~~~~~[m[K
[1.404s]       |   [32m[Kautoware_auto_vehicle_msgs__msg__VehicleControlCommand__fini[m[K
[1.404s] In file included from [01m[K/usr/include/alloca.h:24[m[K,
[1.404s]                  from [01m[K/usr/include/stdlib.h:568[m[K,
[1.404s]                  from [01m[K/home/kcg/copy/idan_driver_ws/build/autoware_auto_msgs/rosidl_generator_c/autoware_auto_msgs/msg/detail/vehicle_control_command__functions.h:14[m[K,
[1.404s]                  from [01m[K/home/kcg/copy/idan_driver_ws/build/autoware_auto_msgs/rosidl_typesupport_introspection_c/autoware_auto_msgs/msg/detail/vehicle_control_command__type_support.c:11[m[K:
[1.404s] [01m[K/home/kcg/copy/idan_driver_ws/build/autoware_auto_msgs/rosidl_typesupport_introspection_c/autoware_auto_msgs/msg/detail/vehicle_control_command__type_support.c:[m[K At top level:
[1.404s] [01m[K/home/kcg/copy/idan_driver_ws/build/autoware_auto_msgs/rosidl_typesupport_introspection_c/autoware_auto_msgs/msg/detail/vehicle_control_command__type_support.c:49:14:[m[K [01;31m[Kerror: [m[Kunknown type name â€˜[01m[Kautoware_auto_msgs__msg__VehicleControlCommand[m[Kâ€™
[1.404s]    49 |     offsetof([01;31m[Kautoware_auto_msgs__msg__VehicleControlCommand[m[K, stamp),  // bytes offset in struct
[1.404s]       |              [01;31m[K^~~~~~~~~~~~~~~~~~~~~~~~~~~~~~~~~~~~~~~~~~~~~~[m[K
[1.404s] [01m[K/home/kcg/copy/idan_driver_ws/build/autoware_auto_msgs/rosidl_typesupport_introspection_c/autoware_auto_msgs/msg/detail/vehicle_control_command__type_support.c:64:14:[m[K [01;31m[Kerror: [m[Kunknown type name â€˜[01m[Kautoware_auto_msgs__msg__VehicleControlCommand[m[Kâ€™
[1.404s]    64 |     offsetof([01;31m[Kautoware_auto_msgs__msg__VehicleControlCommand[m[K, long_accel_mps2),  // bytes offset in struct
[1.405s]       |              [01;31m[K^~~~~~~~~~~~~~~~~~~~~~~~~~~~~~~~~~~~~~~~~~~~~~[m[K
[1.405s] [01m[K/home/kcg/copy/idan_driver_ws/build/autoware_auto_msgs/rosidl_typesupport_introspection_c/autoware_auto_msgs/msg/detail/vehicle_control_command__type_support.c:79:14:[m[K [01;31m[Kerror: [m[Kunknown type name â€˜[01m[Kautoware_auto_msgs__msg__VehicleControlCommand[m[Kâ€™
[1.405s]    79 |     offsetof([01;31m[Kautoware_auto_msgs__msg__VehicleControlCommand[m[K, velocity_mps),  // bytes offset in struct
[1.405s]       |              [01;31m[K^~~~~~~~~~~~~~~~~~~~~~~~~~~~~~~~~~~~~~~~~~~~~~[m[K
[1.405s] [01m[K/home/kcg/copy/idan_driver_ws/build/autoware_auto_msgs/rosidl_typesupport_introspection_c/autoware_auto_msgs/msg/detail/vehicle_control_command__type_support.c:94:14:[m[K [01;31m[Kerror: [m[Kunknown type name â€˜[01m[Kautoware_auto_msgs__msg__VehicleControlCommand[m[Kâ€™
[1.405s]    94 |     offsetof([01;31m[Kautoware_auto_msgs__msg__VehicleControlCommand[m[K, front_wheel_angle_rad),  // bytes offset in struct
[1.405s]       |              [01;31m[K^~~~~~~~~~~~~~~~~~~~~~~~~~~~~~~~~~~~~~~~~~~~~~[m[K
[1.405s] [01m[K/home/kcg/copy/idan_driver_ws/build/autoware_auto_msgs/rosidl_typesupport_introspection_c/autoware_auto_msgs/msg/detail/vehicle_control_command__type_support.c:109:14:[m[K [01;31m[Kerror: [m[Kunknown type name â€˜[01m[Kautoware_auto_msgs__msg__VehicleControlCommand[m[Kâ€™
[1.405s]   109 |     offsetof([01;31m[Kautoware_auto_msgs__msg__VehicleControlCommand[m[K, rear_wheel_angle_rad),  // bytes offset in struct
[1.405s]       |              [01;31m[K^~~~~~~~~~~~~~~~~~~~~~~~~~~~~~~~~~~~~~~~~~~~~~[m[K
[1.405s] [01m[K/home/kcg/copy/idan_driver_ws/build/autoware_auto_msgs/rosidl_typesupport_introspection_c/autoware_auto_msgs/msg/detail/vehicle_control_command__type_support.c:122:10:[m[K [01;31m[Kerror: [m[Kâ€˜[01m[Kautoware_auto_msgs__msg__VehicleControlCommand[m[Kâ€™ undeclared here (not in a function); did you mean â€˜[01m[Kautoware_auto_vehicle_msgs__msg__VehicleControlCommand[m[Kâ€™?
[1.405s]   122 |   sizeof([01;31m[Kautoware_auto_msgs__msg__VehicleControlCommand[m[K),
[1.405s]       |          [01;31m[K^~~~~~~~~~~~~~~~~~~~~~~~~~~~~~~~~~~~~~~~~~~~~~[m[K
[1.406s]       |          [32m[Kautoware_auto_vehicle_msgs__msg__VehicleControlCommand[m[K
[1.406s] make[2]: *** [CMakeFiles/autoware_auto_msgs__rosidl_typesupport_introspection_c.dir/build.make:110: CMakeFiles/autoware_auto_msgs__rosidl_typesupport_introspection_c.dir/rosidl_typesupport_introspection_c/autoware_auto_msgs/msg/detail/vehicle_control_command__type_support.c.o] Error 1
[1.406s] make[1]: *** [CMakeFiles/Makefile2:381: CMakeFiles/autoware_auto_msgs__rosidl_typesupport_introspection_c.dir/all] Error 2
[1.491s] [01m[K/home/kcg/copy/idan_driver_ws/build/autoware_auto_msgs/rosidl_typesupport_cpp/autoware_auto_msgs/msg/vehicle_control_command__type_support.cpp:89:33:[m[K [01;31m[Kerror: [m[Kâ€˜[01m[Kautoware_auto_msgs[m[Kâ€™ was not declared in this scope; did you mean â€˜[01m[Kautoware_auto_vehicle_msgs[m[Kâ€™?
[1.491s]    89 | get_message_type_support_handle<[01;31m[Kautoware_auto_msgs[m[K::msg::VehicleControlCommand>()
[1.492s]       |                                 [01;31m[K^~~~~~~~~~~~~~~~~~[m[K
[1.492s]       |                                 [32m[Kautoware_auto_vehicle_msgs[m[K
[1.492s] [01m[K/home/kcg/copy/idan_driver_ws/build/autoware_auto_msgs/rosidl_typesupport_cpp/autoware_auto_msgs/msg/vehicle_control_command__type_support.cpp:89:1:[m[K [01;31m[Kerror: [m[Kparse error in template argument list
[1.492s]    89 | [01;31m[Kget_message_type_support_handle<autoware_auto_msgs::msg::VehicleControlCommand>[m[K()
[1.492s]       | [01;31m[K^~~~~~~~~~~~~~~~~~~~~~~~~~~~~~~~~~~~~~~~~~~~~~~~~~~~~~~~~~~~~~~~~~~~~~~~~~~~~~~[m[K
[1.492s] [01m[K/home/kcg/copy/idan_driver_ws/build/autoware_auto_msgs/rosidl_typesupport_cpp/autoware_auto_msgs/msg/vehicle_control_command__type_support.cpp:89:1:[m[K [01;31m[Kerror: [m[Ktemplate-id â€˜[01m[Kget_message_type_support_handle<<expression error> >[m[Kâ€™ for â€˜[01m[Kconst rosidl_message_type_support_t* rosidl_typesupport_cpp::get_message_type_support_handle()[m[Kâ€™ does not match any template declaration
[1.492s] In file included from [01m[K/home/kcg/copy/idan_driver_ws/build/autoware_auto_msgs/rosidl_typesupport_cpp/autoware_auto_msgs/msg/vehicle_control_command__type_support.cpp:9[m[K:
[1.492s] [01m[K/opt/ros/foxy/include/rosidl_typesupport_cpp/message_type_support.hpp:25:39:[m[K [01;36m[Knote: [m[Kcandidate is: â€˜[01m[Ktemplate<class T> const rosidl_message_type_support_t* rosidl_typesupport_cpp::get_message_type_support_handle()[m[Kâ€™
[1.492s]    25 | const rosidl_message_type_support_t * [01;36m[Kget_message_type_support_handle[m[K();
[1.492s]       |                                       [01;36m[K^~~~~~~~~~~~~~~~~~~~~~~~~~~~~~~[m[K
[1.492s] [01m[K/home/kcg/copy/idan_driver_ws/build/autoware_auto_msgs/rosidl_typesupport_cpp/autoware_auto_msgs/msg/vehicle_control_command__type_support.cpp:[m[K In function â€˜[01m[Kconst rosidl_message_type_support_t* rosidl_typesupport_cpp::rosidl_typesupport_cpp__get_message_type_support_handle__autoware_auto_msgs__msg__VehicleControlCommand()[m[Kâ€™:
[1.493s] [01m[K/home/kcg/copy/idan_driver_ws/build/autoware_auto_msgs/rosidl_typesupport_cpp/autoware_auto_msgs/msg/vehicle_control_command__type_support.cpp:102:42:[m[K [01;31m[Kerror: [m[Kâ€˜[01m[Kautoware_auto_msgs[m[Kâ€™ was not declared in this scope; did you mean â€˜[01m[Kautoware_auto_vehicle_msgs[m[Kâ€™?
[1.493s]   102 |   return get_message_type_support_handle<[01;31m[Kautoware_auto_msgs[m[K::msg::VehicleControlCommand>();
[1.493s]       |                                          [01;31m[K^~~~~~~~~~~~~~~~~~[m[K
[1.493s]       |                                          [32m[Kautoware_auto_vehicle_msgs[m[K
[1.493s] [01m[K/home/kcg/copy/idan_driver_ws/build/autoware_auto_msgs/rosidl_typesupport_cpp/autoware_auto_msgs/msg/vehicle_control_command__type_support.cpp:102:10:[m[K [01;31m[Kerror: [m[Kparse error in template argument list
[1.493s]   102 |   return [01;31m[Kget_message_type_support_handle<autoware_auto_msgs::msg::VehicleControlCommand>[m[K();
[1.493s]       |          [01;31m[K^~~~~~~~~~~~~~~~~~~~~~~~~~~~~~~~~~~~~~~~~~~~~~~~~~~~~~~~~~~~~~~~~~~~~~~~~~~~~~~[m[K
[1.493s] [01m[K/home/kcg/copy/idan_driver_ws/build/autoware_auto_msgs/rosidl_typesupport_cpp/autoware_auto_msgs/msg/vehicle_control_command__type_support.cpp:102:90:[m[K [01;31m[Kerror: [m[Kno matching function for call to â€˜[01m[Kget_message_type_support_handle<<expression error> >()[m[Kâ€™
[1.493s]   102 | pport_handle<autoware_auto_msgs::msg::VehicleControlCommand>([01;31m[K)[m[K;
[1.493s]       |                                                              [01;31m[K^[m[K
[1.493s] 
[1.494s] In file included from [01m[K/home/kcg/copy/idan_driver_ws/build/autoware_auto_msgs/rosidl_typesupport_cpp/autoware_auto_msgs/msg/vehicle_control_command__type_support.cpp:9[m[K:
[1.494s] [01m[K/opt/ros/foxy/include/rosidl_typesupport_cpp/message_type_support.hpp:25:39:[m[K [01;36m[Knote: [m[Kcandidate: â€˜[01m[Ktemplate<class T> const rosidl_message_type_support_t* rosidl_typesupport_cpp::get_message_type_support_handle()[m[Kâ€™
[1.494s]    25 | const rosidl_message_type_support_t * [01;36m[Kget_message_type_support_handle[m[K();
[1.494s]       |                                       [01;36m[K^~~~~~~~~~~~~~~~~~~~~~~~~~~~~~~[m[K
[1.494s] [01m[K/opt/ros/foxy/include/rosidl_typesupport_cpp/message_type_support.hpp:25:39:[m[K [01;36m[Knote: [m[K  template argument deduction/substitution failed:
[1.494s] [01m[K/home/kcg/copy/idan_driver_ws/build/autoware_auto_msgs/rosidl_typesupport_cpp/autoware_auto_msgs/msg/vehicle_control_command__type_support.cpp:102:90:[m[K [01;31m[Kerror: [m[Ktemplate argument 1 is invalid
[1.494s]   102 | pport_handle<autoware_auto_msgs::msg::VehicleControlCommand>([01;31m[K)[m[K;
[1.494s]       |                                                              [01;31m[K^[m[K
[1.494s] 
[1.512s] make[2]: *** [CMakeFiles/autoware_auto_msgs__rosidl_typesupport_cpp.dir/build.make:105: CMakeFiles/autoware_auto_msgs__rosidl_typesupport_cpp.dir/rosidl_typesupport_cpp/autoware_auto_msgs/msg/vehicle_control_command__type_support.cpp.o] Error 1
[1.513s] make[1]: *** [CMakeFiles/Makefile2:496: CMakeFiles/autoware_auto_msgs__rosidl_typesupport_cpp.dir/all] Error 2
[1.551s] [01m[K/home/kcg/copy/idan_driver_ws/build/autoware_auto_msgs/rosidl_typesupport_introspection_cpp/autoware_auto_msgs/msg/detail/vehicle_control_command__type_support.cpp:[m[K In function â€˜[01m[Kvoid autoware_auto_vehicle_msgs::msg::rosidl_typesupport_introspection_cpp::VehicleControlCommand_init_function(void*, rosidl_runtime_cpp::MessageInitialization)[m[Kâ€™:
[1.551s] [01m[K/home/kcg/copy/idan_driver_ws/build/autoware_auto_msgs/rosidl_typesupport_introspection_cpp/autoware_auto_msgs/msg/detail/vehicle_control_command__type_support.cpp:31:24:[m[K [01;31m[Kerror: [m[Kâ€˜[01m[Kautoware_auto_msgs[m[Kâ€™ does not name a type; did you mean â€˜[01m[Kautoware_auto_vehicle_msgs[m[Kâ€™?
[1.551s]    31 |   new (message_memory) [01;31m[Kautoware_auto_msgs[m[K::msg::VehicleControlCommand(_init);
[1.551s]       |                        [01;31m[K^~~~~~~~~~~~~~~~~~[m[K
[1.551s]       |                        [32m[Kautoware_auto_vehicle_msgs[m[K
[1.552s] [01m[K/home/kcg/copy/idan_driver_ws/build/autoware_auto_msgs/rosidl_typesupport_introspection_cpp/autoware_auto_msgs/msg/detail/vehicle_control_command__type_support.cpp:[m[K In function â€˜[01m[Kvoid autoware_auto_vehicle_msgs::msg::rosidl_typesupport_introspection_cpp::VehicleControlCommand_fini_function(void*)[m[Kâ€™:
[1.552s] [01m[K/home/kcg/copy/idan_driver_ws/build/autoware_auto_msgs/rosidl_typesupport_introspection_cpp/autoware_auto_msgs/msg/detail/vehicle_control_command__type_support.cpp:36:36:[m[K [01;31m[Kerror: [m[Kâ€˜[01m[Kautoware_auto_msgs[m[Kâ€™ does not name a type; did you mean â€˜[01m[Kautoware_auto_vehicle_msgs[m[Kâ€™?
[1.552s]    36 |   auto typed_message = static_cast<[01;31m[Kautoware_auto_msgs[m[K::msg::VehicleControlCommand *>(message_memory);
[1.552s]       |                                    [01;31m[K^~~~~~~~~~~~~~~~~~[m[K
[1.552s]       |                                    [32m[Kautoware_auto_vehicle_msgs[m[K
[1.552s] [01m[K/home/kcg/copy/idan_driver_ws/build/autoware_auto_msgs/rosidl_typesupport_introspection_cpp/autoware_auto_msgs/msg/detail/vehicle_control_command__type_support.cpp:36:54:[m[K [01;31m[Kerror: [m[Kexpected â€˜[01m[K>[m[Kâ€™ before â€˜[01m[K::[m[Kâ€™ token
[1.552s]    36 |   auto typed_message = static_cast<autoware_auto_msgs[01;31m[K::[m[Kmsg::VehicleControlCommand *>(message_memory);
[1.552s]       |                                                      [01;31m[K^~[m[K
[1.552s] [01m[K/home/kcg/copy/idan_driver_ws/build/autoware_auto_msgs/rosidl_typesupport_introspection_cpp/autoware_auto_msgs/msg/detail/vehicle_control_command__type_support.cpp:36:54:[m[K [01;31m[Kerror: [m[Kexpected â€˜[01m[K([m[Kâ€™ before â€˜[01m[K::[m[Kâ€™ token
[1.552s]    36 |   auto typed_message = static_cast<autoware_auto_msgs[01;31m[K:[m[K[32m[K:[m[Kmsg::VehicleControlCommand *>(message_memory);
[1.552s]       |                                                      [01;31m[K^[m[K[32m[K~[m[K
[1.552s]       |                                                      [32m[K([m[K
[1.552s] [01m[K/home/kcg/copy/idan_driver_ws/build/autoware_auto_msgs/rosidl_typesupport_introspection_cpp/autoware_auto_msgs/msg/detail/vehicle_control_command__type_support.cpp:36:56:[m[K [01;31m[Kerror: [m[Kâ€˜[01m[K::msg[m[Kâ€™ has not been declared
[1.552s]    36 |   auto typed_message = static_cast<autoware_auto_msgs::[01;31m[Kmsg[m[K::VehicleControlCommand *>(message_memory);
[1.552s]       |                                                        [01;31m[K^~~[m[K
[1.553s] [01m[K/home/kcg/copy/idan_driver_ws/build/autoware_auto_msgs/rosidl_typesupport_introspection_cpp/autoware_auto_msgs/msg/detail/vehicle_control_command__type_support.cpp:36:84:[m[K [01;31m[Kerror: [m[Kexpected primary-expression before â€˜[01m[K>[m[Kâ€™ token
[1.553s]    36 |   auto typed_message = static_cast<autoware_auto_msgs::msg::VehicleControlCommand *[01;31m[K>[m[K(message_memory);
[1.553s]       |                                                                                    [01;31m[K^[m[K
[1.553s] [01m[K/home/kcg/copy/idan_driver_ws/build/autoware_auto_msgs/rosidl_typesupport_introspection_cpp/autoware_auto_msgs/msg/detail/vehicle_control_command__type_support.cpp:36:101:[m[K [01;31m[Kerror: [m[Kexpected â€˜[01m[K)[m[Kâ€™ before â€˜[01m[K;[m[Kâ€™ token
[1.553s]    36 |   auto typed_message = static_cast<autoware_auto_msgs::msg::VehicleControlCommand *>(message_memory)[01;31m[K;[m[K
[1.553s]       |                                                                                                     [01;31m[K^[m[K
[1.553s]       |                                                                                                     [32m[K)[m[K
[1.553s] In file included from [01m[K/usr/include/stdio.h:33[m[K,
[1.553s]                  from [01m[K/usr/include/c++/9/cstdio:42[m[K,
[1.553s]                  from [01m[K/usr/include/c++/9/ext/string_conversions.h:43[m[K,
[1.553s]                  from [01m[K/usr/include/c++/9/bits/basic_string.h:6496[m[K,
[1.553s]                  from [01m[K/usr/include/c++/9/string:55[m[K,
[1.553s]                  from [01m[K/usr/include/c++/9/stdexcept:39[m[K,
[1.553s]                  from [01m[K/usr/include/c++/9/array:39[m[K,
[1.553s]                  from [01m[K/home/kcg/copy/idan_driver_ws/build/autoware_auto_msgs/rosidl_typesupport_introspection_cpp/autoware_auto_msgs/msg/detail/vehicle_control_command__type_support.cpp:5[m[K:
[1.553s] [01m[K/home/kcg/copy/idan_driver_ws/build/autoware_auto_msgs/rosidl_typesupport_introspection_cpp/autoware_auto_msgs/msg/detail/vehicle_control_command__type_support.cpp:[m[K At global scope:
[1.553s] [01m[K/home/kcg/copy/idan_driver_ws/build/autoware_auto_msgs/rosidl_typesupport_introspection_cpp/autoware_auto_msgs/msg/detail/vehicle_control_command__type_support.cpp:49:14:[m[K [01;31m[Kerror: [m[Kâ€˜[01m[Kautoware_auto_msgs[m[Kâ€™ does not name a type; did you mean â€˜[01m[Kautoware_auto_vehicle_msgs[m[Kâ€™?
[1.554s]    49 |     offsetof([01;31m[Kautoware_auto_msgs[m[K::msg::VehicleControlCommand, stamp),  // bytes offset in struct
[1.554s]       |              [01;31m[K^~~~~~~~~~~~~~~~~~[m[K
[1.554s] [01m[K/home/kcg/copy/idan_driver_ws/build/autoware_auto_msgs/rosidl_typesupport_introspection_cpp/autoware_auto_msgs/msg/detail/vehicle_control_command__type_support.cpp:49:32:[m[K [01;31m[Kerror: [m[Kexpected â€˜[01m[K,[m[Kâ€™ before â€˜[01m[K::[m[Kâ€™ token
[1.554s]    49 |     offsetof(autoware_auto_msgs[01;31m[K::[m[Kmsg::VehicleControlCommand, stamp),  // bytes offset in struct
[1.554s]       |                                [01;31m[K^~[m[K
[1.554s] [01m[K/home/kcg/copy/idan_driver_ws/build/autoware_auto_msgs/rosidl_typesupport_introspection_cpp/autoware_auto_msgs/msg/detail/vehicle_control_command__type_support.cpp:49:34:[m[K [01;31m[Kerror: [m[Kâ€˜[01m[K::msg[m[Kâ€™ has not been declared
[1.554s]    49 |     offsetof(autoware_auto_msgs::[01;31m[Kmsg[m[K::VehicleControlCommand, stamp),  // bytes offset in struct
[1.554s]       |                                  [01;31m[K^~~[m[K
[1.554s] [01m[K/home/kcg/copy/idan_driver_ws/build/autoware_auto_msgs/rosidl_typesupport_introspection_cpp/autoware_auto_msgs/msg/detail/vehicle_control_command__type_support.cpp:49:5:[m[K [01;31m[Kerror: [m[Kexpected â€˜[01m[K)[m[Kâ€™ before â€˜[01m[K,[m[Kâ€™ token
[1.554s]    49 |     [01;31m[Koffsetof[m[K(autoware_auto_msgs::msg::VehicleControlCommand, stamp),  // bytes offset in struct
[1.554s]       |     [01;31m[K^~~~~~~~[m[K
[1.554s] [01m[K/home/kcg/copy/idan_driver_ws/build/autoware_auto_msgs/rosidl_typesupport_introspection_cpp/autoware_auto_msgs/msg/detail/vehicle_control_command__type_support.cpp:64:14:[m[K [01;31m[Kerror: [m[Kâ€˜[01m[Kautoware_auto_msgs[m[Kâ€™ does not name a type; did you mean â€˜[01m[Kautoware_auto_vehicle_msgs[m[Kâ€™?
[1.554s]    64 |     offsetof([01;31m[Kautoware_auto_msgs[m[K::msg::VehicleControlCommand, long_accel_mps2),  // bytes offset in struct
[1.554s]       |              [01;31m[K^~~~~~~~~~~~~~~~~~[m[K
[1.554s] [01m[K/home/kcg/copy/idan_driver_ws/build/autoware_auto_msgs/rosidl_typesupport_introspection_cpp/autoware_auto_msgs/msg/detail/vehicle_control_command__type_support.cpp:64:32:[m[K [01;31m[Kerror: [m[Kexpected â€˜[01m[K,[m[Kâ€™ before â€˜[01m[K::[m[Kâ€™ token
[1.554s]    64 |     offsetof(autoware_auto_msgs[01;31m[K::[m[Kmsg::VehicleControlCommand, long_accel_mps2),  // bytes offset in struct
[1.554s]       |                                [01;31m[K^~[m[K
[1.554s] [01m[K/home/kcg/copy/idan_driver_ws/build/autoware_auto_msgs/rosidl_typesupport_introspection_cpp/autoware_auto_msgs/msg/detail/vehicle_control_command__type_support.cpp:64:34:[m[K [01;31m[Kerror: [m[Kâ€˜[01m[K::msg[m[Kâ€™ has not been declared
[1.554s]    64 |     offsetof(autoware_auto_msgs::[01;31m[Kmsg[m[K::VehicleControlCommand, long_accel_mps2),  // bytes offset in struct
[1.554s]       |                                  [01;31m[K^~~[m[K
[1.555s] [01m[K/home/kcg/copy/idan_driver_ws/build/autoware_auto_msgs/rosidl_typesupport_introspection_cpp/autoware_auto_msgs/msg/detail/vehicle_control_command__type_support.cpp:64:5:[m[K [01;31m[Kerror: [m[Kexpected â€˜[01m[K)[m[Kâ€™ before â€˜[01m[K,[m[Kâ€™ token
[1.555s]    64 |     [01;31m[Koffsetof[m[K(autoware_auto_msgs::msg::VehicleControlCommand, long_accel_mps2),  // bytes offset in struct
[1.555s]       |     [01;31m[K^~~~~~~~[m[K
[1.555s] [01m[K/home/kcg/copy/idan_driver_ws/build/autoware_auto_msgs/rosidl_typesupport_introspection_cpp/autoware_auto_msgs/msg/detail/vehicle_control_command__type_support.cpp:79:14:[m[K [01;31m[Kerror: [m[Kâ€˜[01m[Kautoware_auto_msgs[m[Kâ€™ does not name a type; did you mean â€˜[01m[Kautoware_auto_vehicle_msgs[m[Kâ€™?
[1.555s]    79 |     offsetof([01;31m[Kautoware_auto_msgs[m[K::msg::VehicleControlCommand, velocity_mps),  // bytes offset in struct
[1.555s]       |              [01;31m[K^~~~~~~~~~~~~~~~~~[m[K
[1.555s] [01m[K/home/kcg/copy/idan_driver_ws/build/autoware_auto_msgs/rosidl_typesupport_introspection_cpp/autoware_auto_msgs/msg/detail/vehicle_control_command__type_support.cpp:79:32:[m[K [01;31m[Kerror: [m[Kexpected â€˜[01m[K,[m[Kâ€™ before â€˜[01m[K::[m[Kâ€™ token
[1.555s]    79 |     offsetof(autoware_auto_msgs[01;31m[K::[m[Kmsg::VehicleControlCommand, velocity_mps),  // bytes offset in struct
[1.555s]       |                                [01;31m[K^~[m[K
[1.555s] [01m[K/home/kcg/copy/idan_driver_ws/build/autoware_auto_msgs/rosidl_typesupport_introspection_cpp/autoware_auto_msgs/msg/detail/vehicle_control_command__type_support.cpp:79:34:[m[K [01;31m[Kerror: [m[Kâ€˜[01m[K::msg[m[Kâ€™ has not been declared
[1.555s]    79 |     offsetof(autoware_auto_msgs::[01;31m[Kmsg[m[K::VehicleControlCommand, velocity_mps),  // bytes offset in struct
[1.555s]       |                                  [01;31m[K^~~[m[K
[1.555s] [01m[K/home/kcg/copy/idan_driver_ws/build/autoware_auto_msgs/rosidl_typesupport_introspection_cpp/autoware_auto_msgs/msg/detail/vehicle_control_command__type_support.cpp:79:5:[m[K [01;31m[Kerror: [m[Kexpected â€˜[01m[K)[m[Kâ€™ before â€˜[01m[K,[m[Kâ€™ token
[1.555s]    79 |     [01;31m[Koffsetof[m[K(autoware_auto_msgs::msg::VehicleControlCommand, velocity_mps),  // bytes offset in struct
[1.555s]       |     [01;31m[K^~~~~~~~[m[K
[1.555s] [01m[K/home/kcg/copy/idan_driver_ws/build/autoware_auto_msgs/rosidl_typesupport_introspection_cpp/autoware_auto_msgs/msg/detail/vehicle_control_command__type_support.cpp:94:14:[m[K [01;31m[Kerror: [m[Kâ€˜[01m[Kautoware_auto_msgs[m[Kâ€™ does not name a type; did you mean â€˜[01m[Kautoware_auto_vehicle_msgs[m[Kâ€™?
[1.555s]    94 |     offsetof([01;31m[Kautoware_auto_msgs[m[K::msg::VehicleControlCommand, front_wheel_angle_rad),  // bytes offset in struct
[1.555s]       |              [01;31m[K^~~~~~~~~~~~~~~~~~[m[K
[1.555s] [01m[K/home/kcg/copy/idan_driver_ws/build/autoware_auto_msgs/rosidl_typesupport_introspection_cpp/autoware_auto_msgs/msg/detail/vehicle_control_command__type_support.cpp:94:32:[m[K [01;31m[Kerror: [m[Kexpected â€˜[01m[K,[m[Kâ€™ before â€˜[01m[K::[m[Kâ€™ token
[1.555s]    94 |     offsetof(autoware_auto_msgs[01;31m[K::[m[Kmsg::VehicleControlCommand, front_wheel_angle_rad),  // bytes offset in struct
[1.555s]       |                                [01;31m[K^~[m[K
[1.555s] [01m[K/home/kcg/copy/idan_driver_ws/build/autoware_auto_msgs/rosidl_typesupport_introspection_cpp/autoware_auto_msgs/msg/detail/vehicle_control_command__type_support.cpp:94:34:[m[K [01;31m[Kerror: [m[Kâ€˜[01m[K::msg[m[Kâ€™ has not been declared
[1.556s]    94 |     offsetof(autoware_auto_msgs::[01;31m[Kmsg[m[K::VehicleControlCommand, front_wheel_angle_rad),  // bytes offset in struct
[1.556s]       |                                  [01;31m[K^~~[m[K
[1.556s] [01m[K/home/kcg/copy/idan_driver_ws/build/autoware_auto_msgs/rosidl_typesupport_introspection_cpp/autoware_auto_msgs/msg/detail/vehicle_control_command__type_support.cpp:94:5:[m[K [01;31m[Kerror: [m[Kexpected â€˜[01m[K)[m[Kâ€™ before â€˜[01m[K,[m[Kâ€™ token
[1.556s]    94 |     [01;31m[Koffsetof[m[K(autoware_auto_msgs::msg::VehicleControlCommand, front_wheel_angle_rad),  // bytes offset in struct
[1.556s]       |     [01;31m[K^~~~~~~~[m[K
[1.556s] [01m[K/home/kcg/copy/idan_driver_ws/build/autoware_auto_msgs/rosidl_typesupport_introspection_cpp/autoware_auto_msgs/msg/detail/vehicle_control_command__type_support.cpp:109:14:[m[K [01;31m[Kerror: [m[Kâ€˜[01m[Kautoware_auto_msgs[m[Kâ€™ does not name a type; did you mean â€˜[01m[Kautoware_auto_vehicle_msgs[m[Kâ€™?
[1.556s]   109 |     offsetof([01;31m[Kautoware_auto_msgs[m[K::msg::VehicleControlCommand, rear_wheel_angle_rad),  // bytes offset in struct
[1.556s]       |              [01;31m[K^~~~~~~~~~~~~~~~~~[m[K
[1.556s] [01m[K/home/kcg/copy/idan_driver_ws/build/autoware_auto_msgs/rosidl_typesupport_introspection_cpp/autoware_auto_msgs/msg/detail/vehicle_control_command__type_support.cpp:109:32:[m[K [01;31m[Kerror: [m[Kexpected â€˜[01m[K,[m[Kâ€™ before â€˜[01m[K::[m[Kâ€™ token
[1.556s]   109 |     offsetof(autoware_auto_msgs[01;31m[K::[m[Kmsg::VehicleControlCommand, rear_wheel_angle_rad),  // bytes offset in struct
[1.556s]       |                                [01;31m[K^~[m[K
[1.556s] [01m[K/home/kcg/copy/idan_driver_ws/build/autoware_auto_msgs/rosidl_typesupport_introspection_cpp/autoware_auto_msgs/msg/detail/vehicle_control_command__type_support.cpp:109:34:[m[K [01;31m[Kerror: [m[Kâ€˜[01m[K::msg[m[Kâ€™ has not been declared
[1.556s]   109 |     offsetof(autoware_auto_msgs::[01;31m[Kmsg[m[K::VehicleControlCommand, rear_wheel_angle_rad),  // bytes offset in struct
[1.556s]       |                                  [01;31m[K^~~[m[K
[1.556s] [01m[K/home/kcg/copy/idan_driver_ws/build/autoware_auto_msgs/rosidl_typesupport_introspection_cpp/autoware_auto_msgs/msg/detail/vehicle_control_command__type_support.cpp:109:5:[m[K [01;31m[Kerror: [m[Kexpected â€˜[01m[K)[m[Kâ€™ before â€˜[01m[K,[m[Kâ€™ token
[1.556s]   109 |     [01;31m[Koffsetof[m[K(autoware_auto_msgs::msg::VehicleControlCommand, rear_wheel_angle_rad),  // bytes offset in struct
[1.556s]       |     [01;31m[K^~~~~~~~[m[K
[1.556s] [01m[K/home/kcg/copy/idan_driver_ws/build/autoware_auto_msgs/rosidl_typesupport_introspection_cpp/autoware_auto_msgs/msg/detail/vehicle_control_command__type_support.cpp:122:10:[m[K [01;31m[Kerror: [m[Kâ€˜[01m[Kautoware_auto_msgs[m[Kâ€™ has not been declared
[1.556s]   122 |   sizeof([01;31m[Kautoware_auto_msgs[m[K::msg::VehicleControlCommand),
[1.556s]       |          [01;31m[K^~~~~~~~~~~~~~~~~~[m[K
[1.556s] [01m[K/home/kcg/copy/idan_driver_ws/build/autoware_auto_msgs/rosidl_typesupport_introspection_cpp/autoware_auto_msgs/msg/detail/vehicle_control_command__type_support.cpp:147:33:[m[K [01;31m[Kerror: [m[Kâ€˜[01m[Kautoware_auto_msgs[m[Kâ€™ was not declared in this scope; did you mean â€˜[01m[Kautoware_auto_vehicle_msgs[m[Kâ€™?
[1.556s]   147 | get_message_type_support_handle<[01;31m[Kautoware_auto_msgs[m[K::msg::VehicleControlCommand>()
[1.556s]       |                                 [01;31m[K^~~~~~~~~~~~~~~~~~[m[K
[1.556s]       |                                 [32m[Kautoware_auto_vehicle_msgs[m[K
[1.556s] [01m[K/home/kcg/copy/idan_driver_ws/build/autoware_auto_msgs/rosidl_typesupport_introspection_cpp/autoware_auto_msgs/msg/detail/vehicle_control_command__type_support.cpp:147:1:[m[K [01;31m[Kerror: [m[Kparse error in template argument list
[1.557s]   147 | [01;31m[Kget_message_type_support_handle<autoware_auto_msgs::msg::VehicleControlCommand>[m[K()
[1.557s]       | [01;31m[K^~~~~~~~~~~~~~~~~~~~~~~~~~~~~~~~~~~~~~~~~~~~~~~~~~~~~~~~~~~~~~~~~~~~~~~~~~~~~~~[m[K
[1.557s] [01m[K/home/kcg/copy/idan_driver_ws/build/autoware_auto_msgs/rosidl_typesupport_introspection_cpp/autoware_auto_msgs/msg/detail/vehicle_control_command__type_support.cpp:147:1:[m[K [01;31m[Kerror: [m[Ktemplate-id â€˜[01m[Kget_message_type_support_handle<<expression error> >[m[Kâ€™ for â€˜[01m[Kconst rosidl_message_type_support_t* rosidl_typesupport_introspection_cpp::get_message_type_support_handle()[m[Kâ€™ does not match any template declaration
[1.557s] In file included from [01m[K/home/kcg/copy/idan_driver_ws/build/autoware_auto_msgs/rosidl_typesupport_introspection_cpp/autoware_auto_msgs/msg/detail/vehicle_control_command__type_support.cpp:16[m[K:
[1.557s] [01m[K/opt/ros/foxy/include/rosidl_typesupport_introspection_cpp/message_type_support_decl.hpp:29:39:[m[K [01;36m[Knote: [m[Kcandidate is: â€˜[01m[Ktemplate<class T> const rosidl_message_type_support_t* rosidl_typesupport_introspection_cpp::get_message_type_support_handle()[m[Kâ€™
[1.557s]    29 | const rosidl_message_type_support_t * [01;36m[Kget_message_type_support_handle[m[K();
[1.557s]       |                                       [01;36m[K^~~~~~~~~~~~~~~~~~~~~~~~~~~~~~~[m[K
[1.557s] [01m[K/home/kcg/copy/idan_driver_ws/build/autoware_auto_msgs/rosidl_typesupport_introspection_cpp/autoware_auto_msgs/msg/detail/vehicle_control_command__type_support.cpp:[m[K In function â€˜[01m[Kconst rosidl_message_type_support_t* rosidl_typesupport_introspection_cpp__get_message_type_support_handle__autoware_auto_msgs__msg__VehicleControlCommand()[m[Kâ€™:
[1.557s] [01m[K/home/kcg/copy/idan_driver_ws/build/autoware_auto_msgs/rosidl_typesupport_introspection_cpp/autoware_auto_msgs/msg/detail/vehicle_control_command__type_support.cpp:162:13:[m[K [01;31m[Kerror: [m[Kâ€˜[01m[K::autoware_auto_msgs[m[Kâ€™ has not been declared
[1.557s]   162 |   return &::[01;31m[Kautoware_auto_msgs[m[K::msg::rosidl_typesupport_introspection_cpp::VehicleControlCommand_message_type_support_handle;
[1.557s]       |             [01;31m[K^~~~~~~~~~~~~~~~~~[m[K
[1.574s] make[2]: *** [CMakeFiles/autoware_auto_msgs__rosidl_typesupport_introspection_cpp.dir/build.make:110: CMakeFiles/autoware_auto_msgs__rosidl_typesupport_introspection_cpp.dir/rosidl_typesupport_introspection_cpp/autoware_auto_msgs/msg/detail/vehicle_control_command__type_support.cpp.o] Error 1
[1.574s] make[1]: *** [CMakeFiles/Makefile2:435: CMakeFiles/autoware_auto_msgs__rosidl_typesupport_introspection_cpp.dir/all] Error 2
[1.578s] In file included from [01m[K/home/kcg/copy/idan_driver_ws/build/autoware_auto_msgs/rosidl_typesupport_fastrtps_cpp/autoware_auto_msgs/msg/detail/dds_fastrtps/vehicle_control_command__type_support.cpp:4[m[K:
[1.578s] [01m[K/home/kcg/copy/idan_driver_ws/build/autoware_auto_msgs/rosidl_typesupport_fastrtps_cpp/autoware_auto_msgs/msg/detail/vehicle_control_command__rosidl_typesupport_fastrtps_cpp.hpp:39:9:[m[K [01;31m[Kerror: [m[Kâ€˜[01m[Kautoware_auto_msgs[m[Kâ€™ does not name a type; did you mean â€˜[01m[Kautoware_auto_vehicle_msgs[m[Kâ€™?
[1.578s]    39 |   const [01;31m[Kautoware_auto_msgs[m[K::msg::VehicleControlCommand & ros_message,
[1.578s]       |         [01;31m[K^~~~~~~~~~~~~~~~~~[m[K
[1.578s]       |         [32m[Kautoware_auto_vehicle_msgs[m[K
[1.579s] [01m[K/home/kcg/copy/idan_driver_ws/build/autoware_auto_msgs/rosidl_typesupport_fastrtps_cpp/autoware_auto_msgs/msg/detail/vehicle_control_command__rosidl_typesupport_fastrtps_cpp.hpp:39:32:[m[K [01;31m[Kerror: [m[Kexpected unqualified-id before â€˜[01m[K::[m[Kâ€™ token
[1.579s]    39 |   const autoware_auto_msgs::msg[01;31m[K::[m[KVehicleControlCommand & ros_message,
[1.579s]       |                                [01;31m[K^~[m[K
[1.579s] [01m[K/home/kcg/copy/idan_driver_ws/build/autoware_auto_msgs/rosidl_typesupport_fastrtps_cpp/autoware_auto_msgs/msg/detail/vehicle_control_command__rosidl_typesupport_fastrtps_cpp.hpp:39:32:[m[K [01;31m[Kerror: [m[Kexpected â€˜[01m[K)[m[Kâ€™ before â€˜[01m[K::[m[Kâ€™ token
[1.579s]    39 |   const autoware_auto_msgs::msg[01;31m[K:[m[K[32m[K:[m[KVehicleControlCommand & ros_message,
[1.579s]       |                                [01;31m[K^[m[K[32m[K~[m[K
[1.579s]       |                                [32m[K)[m[K
[1.579s] [01m[K/home/kcg/copy/idan_driver_ws/build/autoware_auto_msgs/rosidl_typesupport_fastrtps_cpp/autoware_auto_msgs/msg/detail/vehicle_control_command__rosidl_typesupport_fastrtps_cpp.hpp:38:14:[m[K [01;36m[Knote: [m[Kto match this â€˜[01m[K([m[Kâ€™
[1.579s]    38 | cdr_serialize[01;36m[K([m[K
[1.579s]       |              [01;36m[K^[m[K
[1.579s] [01m[K/home/kcg/copy/idan_driver_ws/build/autoware_auto_msgs/rosidl_typesupport_fastrtps_cpp/autoware_auto_msgs/msg/detail/vehicle_control_command__rosidl_typesupport_fastrtps_cpp.hpp:39:32:[m[K [01;31m[Kerror: [m[Kexpected initializer before â€˜[01m[K::[m[Kâ€™ token
[1.579s]    39 |   const autoware_auto_msgs::msg[01;31m[K::[m[KVehicleControlCommand & ros_message,
[1.579s]       |                                [01;31m[K^~[m[K
[1.579s] [01m[K/home/kcg/copy/idan_driver_ws/build/autoware_auto_msgs/rosidl_typesupport_fastrtps_cpp/autoware_auto_msgs/msg/detail/vehicle_control_command__rosidl_typesupport_fastrtps_cpp.hpp:46:3:[m[K [01;31m[Kerror: [m[Kâ€˜[01m[Kautoware_auto_msgs[m[Kâ€™ has not been declared
[1.579s]    46 |   [01;31m[Kautoware_auto_msgs[m[K::msg::VehicleControlCommand & ros_message);
[1.579s]       |   [01;31m[K^~~~~~~~~~~~~~~~~~[m[K
[1.579s] [01m[K/home/kcg/copy/idan_driver_ws/build/autoware_auto_msgs/rosidl_typesupport_fastrtps_cpp/autoware_auto_msgs/msg/detail/vehicle_control_command__rosidl_typesupport_fastrtps_cpp.hpp:46:50:[m[K [01;31m[Kerror: [m[Kexpected â€˜[01m[K,[m[Kâ€™ or â€˜[01m[K...[m[Kâ€™ before â€˜[01m[K&[m[Kâ€™ token
[1.579s]    46 |   autoware_auto_msgs::msg::VehicleControlCommand [01;31m[K&[m[K ros_message);
[1.580s]       |                                                  [01;31m[K^[m[K
[1.580s] [01m[K/home/kcg/copy/idan_driver_ws/build/autoware_auto_msgs/rosidl_typesupport_fastrtps_cpp/autoware_auto_msgs/msg/detail/vehicle_control_command__rosidl_typesupport_fastrtps_cpp.hpp:51:9:[m[K [01;31m[Kerror: [m[Kâ€˜[01m[Kautoware_auto_msgs[m[Kâ€™ does not name a type; did you mean â€˜[01m[Kautoware_auto_vehicle_msgs[m[Kâ€™?
[1.580s]    51 |   const [01;31m[Kautoware_auto_msgs[m[K::msg::VehicleControlCommand & ros_message,
[1.580s]       |         [01;31m[K^~~~~~~~~~~~~~~~~~[m[K
[1.580s]       |         [32m[Kautoware_auto_vehicle_msgs[m[K
[1.580s] [01m[K/home/kcg/copy/idan_driver_ws/build/autoware_auto_msgs/rosidl_typesupport_fastrtps_cpp/autoware_auto_msgs/msg/detail/vehicle_control_command__rosidl_typesupport_fastrtps_cpp.hpp:51:32:[m[K [01;31m[Kerror: [m[Kexpected unqualified-id before â€˜[01m[K::[m[Kâ€™ token
[1.580s]    51 |   const autoware_auto_msgs::msg[01;31m[K::[m[KVehicleControlCommand & ros_message,
[1.580s]       |                                [01;31m[K^~[m[K
[1.580s] [01m[K/home/kcg/copy/idan_driver_ws/build/autoware_auto_msgs/rosidl_typesupport_fastrtps_cpp/autoware_auto_msgs/msg/detail/vehicle_control_command__rosidl_typesupport_fastrtps_cpp.hpp:51:32:[m[K [01;31m[Kerror: [m[Kexpected â€˜[01m[K)[m[Kâ€™ before â€˜[01m[K::[m[Kâ€™ token
[1.580s]    51 |   const autoware_auto_msgs::msg[01;31m[K:[m[K[32m[K:[m[KVehicleControlCommand & ros_message,
[1.580s]       |                                [01;31m[K^[m[K[32m[K~[m[K
[1.580s]       |                                [32m[K)[m[K
[1.580s] [01m[K/home/kcg/copy/idan_driver_ws/build/autoware_auto_msgs/rosidl_typesupport_fastrtps_cpp/autoware_auto_msgs/msg/detail/vehicle_control_command__rosidl_typesupport_fastrtps_cpp.hpp:50:20:[m[K [01;36m[Knote: [m[Kto match this â€˜[01m[K([m[Kâ€™
[1.580s]    50 | get_serialized_size[01;36m[K([m[K
[1.580s]       |                    [01;36m[K^[m[K
[1.580s] [01m[K/home/kcg/copy/idan_driver_ws/build/autoware_auto_msgs/rosidl_typesupport_fastrtps_cpp/autoware_auto_msgs/msg/detail/vehicle_control_command__rosidl_typesupport_fastrtps_cpp.hpp:51:32:[m[K [01;31m[Kerror: [m[Kexpected initializer before â€˜[01m[K::[m[Kâ€™ token
[1.580s]    51 |   const autoware_auto_msgs::msg[01;31m[K::[m[KVehicleControlCommand & ros_message,
[1.580s]       |                                [01;31m[K^~[m[K
[1.580s] [01m[K/home/kcg/copy/idan_driver_ws/build/autoware_auto_msgs/rosidl_typesupport_fastrtps_cpp/autoware_auto_msgs/msg/detail/dds_fastrtps/vehicle_control_command__type_support.cpp:55:9:[m[K [01;31m[Kerror: [m[Kâ€˜[01m[Kautoware_auto_msgs[m[Kâ€™ does not name a type; did you mean â€˜[01m[Kautoware_auto_vehicle_msgs[m[Kâ€™?
[1.581s]    55 |   const [01;31m[Kautoware_auto_msgs[m[K::msg::VehicleControlCommand & ros_message,
[1.581s]       |         [01;31m[K^~~~~~~~~~~~~~~~~~[m[K
[1.581s]       |         [32m[Kautoware_auto_vehicle_msgs[m[K
[1.581s] [01m[K/home/kcg/copy/idan_driver_ws/build/autoware_auto_msgs/rosidl_typesupport_fastrtps_cpp/autoware_auto_msgs/msg/detail/dds_fastrtps/vehicle_control_command__type_support.cpp:55:32:[m[K [01;31m[Kerror: [m[Kexpected unqualified-id before â€˜[01m[K::[m[Kâ€™ token
[1.581s]    55 |   const autoware_auto_msgs::msg[01;31m[K::[m[KVehicleControlCommand & ros_message,
[1.581s]       |                                [01;31m[K^~[m[K
[1.581s] [01m[K/home/kcg/copy/idan_driver_ws/build/autoware_auto_msgs/rosidl_typesupport_fastrtps_cpp/autoware_auto_msgs/msg/detail/dds_fastrtps/vehicle_control_command__type_support.cpp:55:32:[m[K [01;31m[Kerror: [m[Kexpected â€˜[01m[K)[m[Kâ€™ before â€˜[01m[K::[m[Kâ€™ token
[1.581s]    55 |   const autoware_auto_msgs::msg[01;31m[K:[m[K[32m[K:[m[KVehicleControlCommand & ros_message,
[1.581s]       |                                [01;31m[K^[m[K[32m[K~[m[K
[1.581s]       |                                [32m[K)[m[K
[1.581s] [01m[K/home/kcg/copy/idan_driver_ws/build/autoware_auto_msgs/rosidl_typesupport_fastrtps_cpp/autoware_auto_msgs/msg/detail/dds_fastrtps/vehicle_control_command__type_support.cpp:54:14:[m[K [01;36m[Knote: [m[Kto match this â€˜[01m[K([m[Kâ€™
[1.581s]    54 | cdr_serialize[01;36m[K([m[K
[1.581s]       |              [01;36m[K^[m[K
[1.581s] [01m[K/home/kcg/copy/idan_driver_ws/build/autoware_auto_msgs/rosidl_typesupport_fastrtps_cpp/autoware_auto_msgs/msg/detail/dds_fastrtps/vehicle_control_command__type_support.cpp:55:32:[m[K [01;31m[Kerror: [m[Kexpected initializer before â€˜[01m[K::[m[Kâ€™ token
[1.581s]    55 |   const autoware_auto_msgs::msg[01;31m[K::[m[KVehicleControlCommand & ros_message,
[1.581s]       |                                [01;31m[K^~[m[K
[1.581s] [01m[K/home/kcg/copy/idan_driver_ws/build/autoware_auto_msgs/rosidl_typesupport_fastrtps_cpp/autoware_auto_msgs/msg/detail/dds_fastrtps/vehicle_control_command__type_support.cpp:77:3:[m[K [01;31m[Kerror: [m[Kâ€˜[01m[Kautoware_auto_msgs[m[Kâ€™ has not been declared
[1.581s]    77 |   [01;31m[Kautoware_auto_msgs[m[K::msg::VehicleControlCommand & ros_message)
[1.581s]       |   [01;31m[K^~~~~~~~~~~~~~~~~~[m[K
[1.582s] [01m[K/home/kcg/copy/idan_driver_ws/build/autoware_auto_msgs/rosidl_typesupport_fastrtps_cpp/autoware_auto_msgs/msg/detail/dds_fastrtps/vehicle_control_command__type_support.cpp:77:50:[m[K [01;31m[Kerror: [m[Kexpected â€˜[01m[K,[m[Kâ€™ or â€˜[01m[K...[m[Kâ€™ before â€˜[01m[K&[m[Kâ€™ token
[1.582s]    77 |   autoware_auto_msgs::msg::VehicleControlCommand [01;31m[K&[m[K ros_message)
[1.582s]       |                                                  [01;31m[K^[m[K
[1.582s] [01m[K/home/kcg/copy/idan_driver_ws/build/autoware_auto_msgs/rosidl_typesupport_fastrtps_cpp/autoware_auto_msgs/msg/detail/dds_fastrtps/vehicle_control_command__type_support.cpp:[m[K In function â€˜[01m[Kbool autoware_auto_vehicle_msgs::msg::typesupport_fastrtps_cpp::cdr_deserialize(eprosima::fastcdr::Cdr&, int)[m[Kâ€™:
[1.582s] [01m[K/home/kcg/copy/idan_driver_ws/build/autoware_auto_msgs/rosidl_typesupport_fastrtps_cpp/autoware_auto_msgs/msg/detail/dds_fastrtps/vehicle_control_command__type_support.cpp:81:10:[m[K [01;31m[Kerror: [m[Kâ€˜[01m[Kros_message[m[Kâ€™ was not declared in this scope
[1.582s]    81 |     cdr, [01;31m[Kros_message[m[K.stamp);
[1.582s]       |          [01;31m[K^~~~~~~~~~~[m[K
[1.582s] [01m[K/home/kcg/copy/idan_driver_ws/build/autoware_auto_msgs/rosidl_typesupport_fastrtps_cpp/autoware_auto_msgs/msg/detail/dds_fastrtps/vehicle_control_command__type_support.cpp:77:28:[m[K [01;35m[Kwarning: [m[Kunused parameter â€˜[01m[KVehicleControlCommand[m[Kâ€™ [[01;35m[K-Wunused-parameter[m[K]
[1.582s]    77 |   [01;35m[Kautoware_auto_msgs::msg::VehicleControlCommand[m[K & ros_message)
[1.582s]       |   [01;35m[K~~~~~~~~~~~~~~~~~~~~~~~~~^~~~~~~~~~~~~~~~~~~~~[m[K
[1.582s] [01m[K/home/kcg/copy/idan_driver_ws/build/autoware_auto_msgs/rosidl_typesupport_fastrtps_cpp/autoware_auto_msgs/msg/detail/dds_fastrtps/vehicle_control_command__type_support.cpp:[m[K At global scope:
[1.582s] [01m[K/home/kcg/copy/idan_driver_ws/build/autoware_auto_msgs/rosidl_typesupport_fastrtps_cpp/autoware_auto_msgs/msg/detail/dds_fastrtps/vehicle_control_command__type_support.cpp:101:9:[m[K [01;31m[Kerror: [m[Kâ€˜[01m[Kautoware_auto_msgs[m[Kâ€™ does not name a type; did you mean â€˜[01m[Kautoware_auto_vehicle_msgs[m[Kâ€™?
[1.582s]   101 |   const [01;31m[Kautoware_auto_msgs[m[K::msg::VehicleControlCommand & ros_message,
[1.582s]       |         [01;31m[K^~~~~~~~~~~~~~~~~~[m[K
[1.582s]       |         [32m[Kautoware_auto_vehicle_msgs[m[K
[1.582s] [01m[K/home/kcg/copy/idan_driver_ws/build/autoware_auto_msgs/rosidl_typesupport_fastrtps_cpp/autoware_auto_msgs/msg/detail/dds_fastrtps/vehicle_control_command__type_support.cpp:101:32:[m[K [01;31m[Kerror: [m[Kexpected unqualified-id before â€˜[01m[K::[m[Kâ€™ token
[1.582s]   101 |   const autoware_auto_msgs::msg[01;31m[K::[m[KVehicleControlCommand & ros_message,
[1.582s]       |                                [01;31m[K^~[m[K
[1.582s] [01m[K/home/kcg/copy/idan_driver_ws/build/autoware_auto_msgs/rosidl_typesupport_fastrtps_cpp/autoware_auto_msgs/msg/detail/dds_fastrtps/vehicle_control_command__type_support.cpp:101:32:[m[K [01;31m[Kerror: [m[Kexpected â€˜[01m[K)[m[Kâ€™ before â€˜[01m[K::[m[Kâ€™ token
[1.582s]   101 |   const autoware_auto_msgs::msg[01;31m[K:[m[K[32m[K:[m[KVehicleControlCommand & ros_message,
[1.582s]       |                                [01;31m[K^[m[K[32m[K~[m[K
[1.582s]       |                                [32m[K)[m[K
[1.583s] [01m[K/home/kcg/copy/idan_driver_ws/build/autoware_auto_msgs/rosidl_typesupport_fastrtps_cpp/autoware_auto_msgs/msg/detail/dds_fastrtps/vehicle_control_command__type_support.cpp:100:20:[m[K [01;36m[Knote: [m[Kto match this â€˜[01m[K([m[Kâ€™
[1.583s]   100 | get_serialized_size[01;36m[K([m[K
[1.583s]       |                    [01;36m[K^[m[K
[1.583s] [01m[K/home/kcg/copy/idan_driver_ws/build/autoware_auto_msgs/rosidl_typesupport_fastrtps_cpp/autoware_auto_msgs/msg/detail/dds_fastrtps/vehicle_control_command__type_support.cpp:101:32:[m[K [01;31m[Kerror: [m[Kexpected initializer before â€˜[01m[K::[m[Kâ€™ token
[1.583s]   101 |   const autoware_auto_msgs::msg[01;31m[K::[m[KVehicleControlCommand & ros_message,
[1.583s]       |                                [01;31m[K^~[m[K
[1.583s] [01m[K/home/kcg/copy/idan_driver_ws/build/autoware_auto_msgs/rosidl_typesupport_fastrtps_cpp/autoware_auto_msgs/msg/detail/dds_fastrtps/vehicle_control_command__type_support.cpp:[m[K In function â€˜[01m[Kbool autoware_auto_vehicle_msgs::msg::typesupport_fastrtps_cpp::_VehicleControlCommand__cdr_serialize(const void*, eprosima::fastcdr::Cdr&)[m[Kâ€™:
[1.583s] [01m[K/home/kcg/copy/idan_driver_ws/build/autoware_auto_msgs/rosidl_typesupport_fastrtps_cpp/autoware_auto_msgs/msg/detail/dds_fastrtps/vehicle_control_command__type_support.cpp:211:41:[m[K [01;31m[Kerror: [m[KISO C++ forbids declaration of â€˜[01m[Ktype name[m[Kâ€™ with no type [[01;31m[K-fpermissive[m[K]
[1.583s]   211 |     static_cast<const autoware_auto_msgs[01;31m[K::[m[Kmsg::VehicleControlCommand *>(
[1.583s]       |                                         [01;31m[K^~[m[K
[1.583s] [01m[K/home/kcg/copy/idan_driver_ws/build/autoware_auto_msgs/rosidl_typesupport_fastrtps_cpp/autoware_auto_msgs/msg/detail/dds_fastrtps/vehicle_control_command__type_support.cpp:211:23:[m[K [01;31m[Kerror: [m[Kexpected â€˜[01m[K>[m[Kâ€™ before â€˜[01m[Kautoware_auto_msgs[m[Kâ€™
[1.583s]   211 |     static_cast<const [01;31m[Kautoware_auto_msgs[m[K::msg::VehicleControlCommand *>(
[1.583s]       |                       [01;31m[K^~~~~~~~~~~~~~~~~~[m[K
[1.583s] [01m[K/home/kcg/copy/idan_driver_ws/build/autoware_auto_msgs/rosidl_typesupport_fastrtps_cpp/autoware_auto_msgs/msg/detail/dds_fastrtps/vehicle_control_command__type_support.cpp:211:23:[m[K [01;31m[Kerror: [m[Kexpected â€˜[01m[K([m[Kâ€™ before â€˜[01m[Kautoware_auto_msgs[m[Kâ€™
[1.583s]   211 |     static_cast<const [01;31m[Ka[m[K[32m[Kutoware_auto_msgs[m[K::msg::VehicleControlCommand *>(
[1.583s]       |                       [01;31m[K^[m[K[32m[K~~~~~~~~~~~~~~~~~[m[K
[1.583s]       |                       [32m[K([m[K
[1.583s] [01m[K/home/kcg/copy/idan_driver_ws/build/autoware_auto_msgs/rosidl_typesupport_fastrtps_cpp/autoware_auto_msgs/msg/detail/dds_fastrtps/vehicle_control_command__type_support.cpp:211:23:[m[K [01;31m[Kerror: [m[Kâ€˜[01m[Kautoware_auto_msgs[m[Kâ€™ has not been declared
[1.583s]   211 |     static_cast<const [01;31m[Kautoware_auto_msgs[m[K::msg::VehicleControlCommand *>(
[1.583s]       |                       [01;31m[K^~~~~~~~~~~~~~~~~~[m[K
[1.583s] [01m[K/home/kcg/copy/idan_driver_ws/build/autoware_auto_msgs/rosidl_typesupport_fastrtps_cpp/autoware_auto_msgs/msg/detail/dds_fastrtps/vehicle_control_command__type_support.cpp:211:71:[m[K [01;31m[Kerror: [m[Kexpected primary-expression before â€˜[01m[K>[m[Kâ€™ token
[1.583s]   211 |     static_cast<const autoware_auto_msgs::msg::VehicleControlCommand *[01;31m[K>[m[K(
[1.583s]       |                                                                       [01;31m[K^[m[K
[1.583s] [01m[K/home/kcg/copy/idan_driver_ws/build/autoware_auto_msgs/rosidl_typesupport_fastrtps_cpp/autoware_auto_msgs/msg/detail/dds_fastrtps/vehicle_control_command__type_support.cpp:212:25:[m[K [01;31m[Kerror: [m[Kexpected â€˜[01m[K)[m[Kâ€™ before â€˜[01m[K;[m[Kâ€™ token
[1.584s]   212 |     untyped_ros_message)[01;31m[K;[m[K
[1.584s]       |                         [01;31m[K^[m[K
[1.584s]       |                         [32m[K)[m[K
[1.584s] [01m[K/home/kcg/copy/idan_driver_ws/build/autoware_auto_msgs/rosidl_typesupport_fastrtps_cpp/autoware_auto_msgs/msg/detail/dds_fastrtps/vehicle_control_command__type_support.cpp:213:10:[m[K [01;31m[Kerror: [m[Kâ€˜[01m[Kcdr_serialize[m[Kâ€™ was not declared in this scope; did you mean â€˜[01m[Kbuiltin_interfaces::msg::typesupport_fastrtps_cpp::cdr_serialize[m[Kâ€™?
[1.584s]   213 |   return [01;31m[Kcdr_serialize[m[K(*typed_message, cdr);
[1.584s]       |          [01;31m[K^~~~~~~~~~~~~[m[K
[1.584s]       |          [32m[Kbuiltin_interfaces::msg::typesupport_fastrtps_cpp::cdr_serialize[m[K
[1.584s] [01m[K/home/kcg/copy/idan_driver_ws/build/autoware_auto_msgs/rosidl_typesupport_fastrtps_cpp/autoware_auto_msgs/msg/detail/dds_fastrtps/vehicle_control_command__type_support.cpp:25:6:[m[K [01;36m[Knote: [m[Kâ€˜[01m[Kbuiltin_interfaces::msg::typesupport_fastrtps_cpp::cdr_serialize[m[Kâ€™ declared here
[1.584s]    25 | bool [01;36m[Kcdr_serialize[m[K(
[1.584s]       |      [01;36m[K^~~~~~~~~~~~~[m[K
[1.584s] [01m[K/home/kcg/copy/idan_driver_ws/build/autoware_auto_msgs/rosidl_typesupport_fastrtps_cpp/autoware_auto_msgs/msg/detail/dds_fastrtps/vehicle_control_command__type_support.cpp:[m[K In function â€˜[01m[Kbool autoware_auto_vehicle_msgs::msg::typesupport_fastrtps_cpp::_VehicleControlCommand__cdr_deserialize(eprosima::fastcdr::Cdr&, void*)[m[Kâ€™:
[1.584s] [01m[K/home/kcg/copy/idan_driver_ws/build/autoware_auto_msgs/rosidl_typesupport_fastrtps_cpp/autoware_auto_msgs/msg/detail/dds_fastrtps/vehicle_control_command__type_support.cpp:221:17:[m[K [01;31m[Kerror: [m[Kâ€˜[01m[Kautoware_auto_msgs[m[Kâ€™ does not name a type; did you mean â€˜[01m[Kautoware_auto_vehicle_msgs[m[Kâ€™?
[1.584s]   221 |     static_cast<[01;31m[Kautoware_auto_msgs[m[K::msg::VehicleControlCommand *>(
[1.584s]       |                 [01;31m[K^~~~~~~~~~~~~~~~~~[m[K
[1.584s]       |                 [32m[Kautoware_auto_vehicle_msgs[m[K
[1.584s] [01m[K/home/kcg/copy/idan_driver_ws/build/autoware_auto_msgs/rosidl_typesupport_fastrtps_cpp/autoware_auto_msgs/msg/detail/dds_fastrtps/vehicle_control_command__type_support.cpp:221:35:[m[K [01;31m[Kerror: [m[Kexpected â€˜[01m[K>[m[Kâ€™ before â€˜[01m[K::[m[Kâ€™ token
[1.584s]   221 |     static_cast<autoware_auto_msgs[01;31m[K::[m[Kmsg::VehicleControlCommand *>(
[1.584s]       |                                   [01;31m[K^~[m[K
[1.584s] [01m[K/home/kcg/copy/idan_driver_ws/build/autoware_auto_msgs/rosidl_typesupport_fastrtps_cpp/autoware_auto_msgs/msg/detail/dds_fastrtps/vehicle_control_command__type_support.cpp:221:35:[m[K [01;31m[Kerror: [m[Kexpected â€˜[01m[K([m[Kâ€™ before â€˜[01m[K::[m[Kâ€™ token
[1.584s]   221 |     static_cast<autoware_auto_msgs[01;31m[K:[m[K[32m[K:[m[Kmsg::VehicleControlCommand *>(
[1.584s]       |                                   [01;31m[K^[m[K[32m[K~[m[K
[1.584s]       |                                   [32m[K([m[K
[1.584s] [01m[K/home/kcg/copy/idan_driver_ws/build/autoware_auto_msgs/rosidl_typesupport_fastrtps_cpp/autoware_auto_msgs/msg/detail/dds_fastrtps/vehicle_control_command__type_support.cpp:221:37:[m[K [01;31m[Kerror: [m[Kâ€˜[01m[K::msg[m[Kâ€™ has not been declared
[1.584s]   221 |     static_cast<autoware_auto_msgs::[01;31m[Kmsg[m[K::VehicleControlCommand *>(
[1.585s]       |                                     [01;31m[K^~~[m[K
[1.585s] [01m[K/home/kcg/copy/idan_driver_ws/build/autoware_auto_msgs/rosidl_typesupport_fastrtps_cpp/autoware_auto_msgs/msg/detail/dds_fastrtps/vehicle_control_command__type_support.cpp:221:65:[m[K [01;31m[Kerror: [m[Kexpected primary-expression before â€˜[01m[K>[m[Kâ€™ token
[1.585s]   221 |     static_cast<autoware_auto_msgs::msg::VehicleControlCommand *[01;31m[K>[m[K(
[1.585s]       |                                                                 [01;31m[K^[m[K
[1.585s] [01m[K/home/kcg/copy/idan_driver_ws/build/autoware_auto_msgs/rosidl_typesupport_fastrtps_cpp/autoware_auto_msgs/msg/detail/dds_fastrtps/vehicle_control_command__type_support.cpp:222:25:[m[K [01;31m[Kerror: [m[Kexpected â€˜[01m[K)[m[Kâ€™ before â€˜[01m[K;[m[Kâ€™ token
[1.585s]   222 |     untyped_ros_message)[01;31m[K;[m[K
[1.585s]       |                         [01;31m[K^[m[K
[1.585s]       |                         [32m[K)[m[K
[1.585s] [01m[K/home/kcg/copy/idan_driver_ws/build/autoware_auto_msgs/rosidl_typesupport_fastrtps_cpp/autoware_auto_msgs/msg/detail/dds_fastrtps/vehicle_control_command__type_support.cpp:[m[K In function â€˜[01m[Kuint32_t autoware_auto_vehicle_msgs::msg::typesupport_fastrtps_cpp::_VehicleControlCommand__get_serialized_size(const void*)[m[Kâ€™:
[1.585s] [01m[K/home/kcg/copy/idan_driver_ws/build/autoware_auto_msgs/rosidl_typesupport_fastrtps_cpp/autoware_auto_msgs/msg/detail/dds_fastrtps/vehicle_control_command__type_support.cpp:230:41:[m[K [01;31m[Kerror: [m[KISO C++ forbids declaration of â€˜[01m[Ktype name[m[Kâ€™ with no type [[01;31m[K-fpermissive[m[K]
[1.585s]   230 |     static_cast<const autoware_auto_msgs[01;31m[K::[m[Kmsg::VehicleControlCommand *>(
[1.585s]       |                                         [01;31m[K^~[m[K
[1.585s] [01m[K/home/kcg/copy/idan_driver_ws/build/autoware_auto_msgs/rosidl_typesupport_fastrtps_cpp/autoware_auto_msgs/msg/detail/dds_fastrtps/vehicle_control_command__type_support.cpp:230:23:[m[K [01;31m[Kerror: [m[Kexpected â€˜[01m[K>[m[Kâ€™ before â€˜[01m[Kautoware_auto_msgs[m[Kâ€™
[1.585s]   230 |     static_cast<const [01;31m[Kautoware_auto_msgs[m[K::msg::VehicleControlCommand *>(
[1.585s]       |                       [01;31m[K^~~~~~~~~~~~~~~~~~[m[K
[1.585s] [01m[K/home/kcg/copy/idan_driver_ws/build/autoware_auto_msgs/rosidl_typesupport_fastrtps_cpp/autoware_auto_msgs/msg/detail/dds_fastrtps/vehicle_control_command__type_support.cpp:230:23:[m[K [01;31m[Kerror: [m[Kexpected â€˜[01m[K([m[Kâ€™ before â€˜[01m[Kautoware_auto_msgs[m[Kâ€™
[1.585s]   230 |     static_cast<const [01;31m[Ka[m[K[32m[Kutoware_auto_msgs[m[K::msg::VehicleControlCommand *>(
[1.585s]       |                       [01;31m[K^[m[K[32m[K~~~~~~~~~~~~~~~~~[m[K
[1.585s]       |                       [32m[K([m[K
[1.585s] [01m[K/home/kcg/copy/idan_driver_ws/build/autoware_auto_msgs/rosidl_typesupport_fastrtps_cpp/autoware_auto_msgs/msg/detail/dds_fastrtps/vehicle_control_command__type_support.cpp:230:23:[m[K [01;31m[Kerror: [m[Kâ€˜[01m[Kautoware_auto_msgs[m[Kâ€™ has not been declared
[1.585s]   230 |     static_cast<const [01;31m[Kautoware_auto_msgs[m[K::msg::VehicleControlCommand *>(
[1.585s]       |                       [01;31m[K^~~~~~~~~~~~~~~~~~[m[K
[1.585s] [01m[K/home/kcg/copy/idan_driver_ws/build/autoware_auto_msgs/rosidl_typesupport_fastrtps_cpp/autoware_auto_msgs/msg/detail/dds_fastrtps/vehicle_control_command__type_support.cpp:230:71:[m[K [01;31m[Kerror: [m[Kexpected primary-expression before â€˜[01m[K>[m[Kâ€™ token
[1.585s]   230 |     static_cast<const autoware_auto_msgs::msg::VehicleControlCommand *[01;31m[K>[m[K(
[1.586s]       |                                                                       [01;31m[K^[m[K
[1.586s] [01m[K/home/kcg/copy/idan_driver_ws/build/autoware_auto_msgs/rosidl_typesupport_fastrtps_cpp/autoware_auto_msgs/msg/detail/dds_fastrtps/vehicle_control_command__type_support.cpp:231:25:[m[K [01;31m[Kerror: [m[Kexpected â€˜[01m[K)[m[Kâ€™ before â€˜[01m[K;[m[Kâ€™ token
[1.586s]   231 |     untyped_ros_message)[01;31m[K;[m[K
[1.586s]       |                         [01;31m[K^[m[K
[1.586s]       |                         [32m[K)[m[K
[1.586s] [01m[K/home/kcg/copy/idan_driver_ws/build/autoware_auto_msgs/rosidl_typesupport_fastrtps_cpp/autoware_auto_msgs/msg/detail/dds_fastrtps/vehicle_control_command__type_support.cpp:232:32:[m[K [01;31m[Kerror: [m[Kâ€˜[01m[Kget_serialized_size[m[Kâ€™ was not declared in this scope; did you mean â€˜[01m[Kbuiltin_interfaces::msg::typesupport_fastrtps_cpp::get_serialized_size[m[Kâ€™?
[1.586s]   232 |   return static_cast<uint32_t>([01;31m[Kget_serialized_size[m[K(*typed_message, 0));
[1.586s]       |                                [01;31m[K^~~~~~~~~~~~~~~~~~~[m[K
[1.586s]       |                                [32m[Kbuiltin_interfaces::msg::typesupport_fastrtps_cpp::get_serialized_size[m[K
[1.586s] [01m[K/home/kcg/copy/idan_driver_ws/build/autoware_auto_msgs/rosidl_typesupport_fastrtps_cpp/autoware_auto_msgs/msg/detail/dds_fastrtps/vehicle_control_command__type_support.cpp:31:8:[m[K [01;36m[Knote: [m[Kâ€˜[01m[Kbuiltin_interfaces::msg::typesupport_fastrtps_cpp::get_serialized_size[m[Kâ€™ declared here
[1.586s]    31 | size_t [01;36m[Kget_serialized_size[m[K(
[1.586s]       |        [01;36m[K^~~~~~~~~~~~~~~~~~~[m[K
[1.586s] [01m[K/home/kcg/copy/idan_driver_ws/build/autoware_auto_msgs/rosidl_typesupport_fastrtps_cpp/autoware_auto_msgs/msg/detail/dds_fastrtps/vehicle_control_command__type_support.cpp:[m[K At global scope:
[1.586s] [01m[K/home/kcg/copy/idan_driver_ws/build/autoware_auto_msgs/rosidl_typesupport_fastrtps_cpp/autoware_auto_msgs/msg/detail/dds_fastrtps/vehicle_control_command__type_support.cpp:267:33:[m[K [01;31m[Kerror: [m[Kâ€˜[01m[Kautoware_auto_msgs[m[Kâ€™ was not declared in this scope; did you mean â€˜[01m[Kautoware_auto_vehicle_msgs[m[Kâ€™?
[1.586s]   267 | get_message_type_support_handle<[01;31m[Kautoware_auto_msgs[m[K::msg::VehicleControlCommand>()
[1.586s]       |                                 [01;31m[K^~~~~~~~~~~~~~~~~~[m[K
[1.586s]       |                                 [32m[Kautoware_auto_vehicle_msgs[m[K
[1.586s] [01m[K/home/kcg/copy/idan_driver_ws/build/autoware_auto_msgs/rosidl_typesupport_fastrtps_cpp/autoware_auto_msgs/msg/detail/dds_fastrtps/vehicle_control_command__type_support.cpp:267:1:[m[K [01;31m[Kerror: [m[Kparse error in template argument list
[1.586s]   267 | [01;31m[Kget_message_type_support_handle<autoware_auto_msgs::msg::VehicleControlCommand>[m[K()
[1.586s]       | [01;31m[K^~~~~~~~~~~~~~~~~~~~~~~~~~~~~~~~~~~~~~~~~~~~~~~~~~~~~~~~~~~~~~~~~~~~~~~~~~~~~~~[m[K
[1.586s] [01m[K/home/kcg/copy/idan_driver_ws/build/autoware_auto_msgs/rosidl_typesupport_fastrtps_cpp/autoware_auto_msgs/msg/detail/dds_fastrtps/vehicle_control_command__type_support.cpp:267:1:[m[K [01;31m[Kerror: [m[Ktemplate-id â€˜[01m[Kget_message_type_support_handle<<expression error> >[m[Kâ€™ for â€˜[01m[Kconst rosidl_message_type_support_t* rosidl_typesupport_fastrtps_cpp::get_message_type_support_handle()[m[Kâ€™ does not match any template declaration
[1.586s] In file included from [01m[K/home/kcg/copy/idan_driver_ws/build/autoware_auto_msgs/rosidl_typesupport_fastrtps_cpp/autoware_auto_msgs/msg/detail/dds_fastrtps/vehicle_control_command__type_support.cpp:13[m[K:
[1.586s] [01m[K/opt/ros/foxy/include/rosidl_typesupport_fastrtps_cpp/message_type_support_decl.hpp:33:39:[m[K [01;36m[Knote: [m[Kcandidate is: â€˜[01m[Ktemplate<class T> const rosidl_message_type_support_t* rosidl_typesupport_fastrtps_cpp::get_message_type_support_handle()[m[Kâ€™
[1.586s]    33 | const rosidl_message_type_support_t * [01;36m[Kget_message_type_support_handle[m[K();
[1.587s]       |                                       [01;36m[K^~~~~~~~~~~~~~~~~~~~~~~~~~~~~~~[m[K
[1.587s] [01m[K/home/kcg/copy/idan_driver_ws/build/autoware_auto_msgs/rosidl_typesupport_fastrtps_cpp/autoware_auto_msgs/msg/detail/dds_fastrtps/vehicle_control_command__type_support.cpp:[m[K In function â€˜[01m[Kconst rosidl_message_type_support_t* rosidl_typesupport_fastrtps_cpp__get_message_type_support_handle__autoware_auto_msgs__msg__VehicleControlCommand()[m[Kâ€™:
[1.587s] [01m[K/home/kcg/copy/idan_driver_ws/build/autoware_auto_msgs/rosidl_typesupport_fastrtps_cpp/autoware_auto_msgs/msg/detail/dds_fastrtps/vehicle_control_command__type_support.cpp:281:11:[m[K [01;31m[Kerror: [m[Kâ€˜[01m[Kautoware_auto_msgs[m[Kâ€™ has not been declared
[1.587s]   281 |   return &[01;31m[Kautoware_auto_msgs[m[K::msg::typesupport_fastrtps_cpp::_VehicleControlCommand__handle;
[1.587s]       |           [01;31m[K^~~~~~~~~~~~~~~~~~[m[K
[1.605s] make[2]: *** [CMakeFiles/autoware_auto_msgs__rosidl_typesupport_fastrtps_cpp.dir/build.make:110: CMakeFiles/autoware_auto_msgs__rosidl_typesupport_fastrtps_cpp.dir/rosidl_typesupport_fastrtps_cpp/autoware_auto_msgs/msg/detail/dds_fastrtps/vehicle_control_command__type_support.cpp.o] Error 1
[1.606s] make[1]: *** [CMakeFiles/Makefile2:327: CMakeFiles/autoware_auto_msgs__rosidl_typesupport_fastrtps_cpp.dir/all] Error 2
[1.606s] make: *** [Makefile:141: all] Error 2
[1.608s] Invoked command in '/home/kcg/copy/idan_driver_ws/build/autoware_auto_msgs' returned '2': CMAKE_PREFIX_PATH=/opt/ros/foxy /usr/bin/cmake --build /home/kcg/copy/idan_driver_ws/build/autoware_auto_msgs -- -j20 -l20
