[  3%] Built target autoware_auto_msgs__cpp
[ 12%] Built target autoware_auto_msgs__rosidl_generator_c
[ 22%] [32mBuilding CXX object CMakeFiles/autoware_auto_msgs__rosidl_typesupport_c.dir/rosidl_typesupport_c/autoware_auto_msgs/msg/vehicle_control_command__type_support.cpp.o[0m
[ 22%] [32mBuilding C object CMakeFiles/autoware_auto_msgs__rosidl_typesupport_introspection_c.dir/rosidl_typesupport_introspection_c/autoware_auto_msgs/msg/detail/vehicle_control_command__type_support.c.o[0m
[ 22%] [32mBuilding CXX object CMakeFiles/autoware_auto_msgs__rosidl_typesupport_cpp.dir/rosidl_typesupport_cpp/autoware_auto_msgs/msg/vehicle_control_command__type_support.cpp.o[0m
[ 25%] [32mBuilding CXX object CMakeFiles/autoware_auto_msgs__rosidl_typesupport_fastrtps_cpp.dir/rosidl_typesupport_fastrtps_cpp/autoware_auto_msgs/msg/detail/dds_fastrtps/vehicle_control_command__type_support.cpp.o[0m
[ 29%] [32mBuilding CXX object CMakeFiles/autoware_auto_msgs__rosidl_typesupport_introspection_cpp.dir/rosidl_typesupport_introspection_cpp/autoware_auto_msgs/msg/detail/vehicle_control_command__type_support.cpp.o[0m
[01m[K/home/kcg/copy/idan_driver_ws/build/autoware_auto_msgs/rosidl_typesupport_c/autoware_auto_msgs/msg/vehicle_control_command__type_support.cpp:[m[K In function â€˜[01m[Kconst rosidl_message_type_support_t* rosidl_typesupport_c__get_message_type_support_handle__autoware_auto_msgs__msg__VehicleControlCommand()[m[Kâ€™:
[01m[K/home/kcg/copy/idan_driver_ws/build/autoware_auto_msgs/rosidl_typesupport_c/autoware_auto_msgs/msg/vehicle_control_command__type_support.cpp:91:13:[m[K [01;31m[Kerror: [m[Kâ€˜[01m[K::autoware_auto_msgs[m[Kâ€™ has not been declared
   91 |   return &::[01;31m[Kautoware_auto_msgs[m[K::msg::rosidl_typesupport_c::VehicleControlCommand_message_type_support_handle;
      |             [01;31m[K^~~~~~~~~~~~~~~~~~[m[K
make[2]: *** [CMakeFiles/autoware_auto_msgs__rosidl_typesupport_c.dir/build.make:105: CMakeFiles/autoware_auto_msgs__rosidl_typesupport_c.dir/rosidl_typesupport_c/autoware_auto_msgs/msg/vehicle_control_command__type_support.cpp.o] Error 1
make[1]: *** [CMakeFiles/Makefile2:408: CMakeFiles/autoware_auto_msgs__rosidl_typesupport_c.dir/all] Error 2
make[1]: *** Waiting for unfinished jobs....
[01m[K/home/kcg/copy/idan_driver_ws/build/autoware_auto_msgs/rosidl_typesupport_introspection_c/autoware_auto_msgs/msg/detail/vehicle_control_command__type_support.c:[m[K In function â€˜[01m[KVehicleControlCommand__rosidl_typesupport_introspection_c__VehicleControlCommand_init_function[m[Kâ€™:
[01m[K/home/kcg/copy/idan_driver_ws/build/autoware_auto_msgs/rosidl_typesupport_introspection_c/autoware_auto_msgs/msg/detail/vehicle_control_command__type_support.c:32:3:[m[K [01;35m[Kwarning: [m[Kimplicit declaration of function â€˜[01m[Kautoware_auto_msgs__msg__VehicleControlCommand__init[m[Kâ€™; did you mean â€˜[01m[Kautoware_auto_vehicle_msgs__msg__VehicleControlCommand__init[m[Kâ€™? [[01;35m[K-Wimplicit-function-declaration[m[K]
   32 |   [01;35m[Kautoware_auto_msgs__msg__VehicleControlCommand__init[m[K(message_memory);
      |   [01;35m[K^~~~~~~~~~~~~~~~~~~~~~~~~~~~~~~~~~~~~~~~~~~~~~~~~~~~[m[K
      |   [32m[Kautoware_auto_vehicle_msgs__msg__VehicleControlCommand__init[m[K
[01m[K/home/kcg/copy/idan_driver_ws/build/autoware_auto_msgs/rosidl_typesupport_introspection_c/autoware_auto_msgs/msg/detail/vehicle_control_command__type_support.c:[m[K In function â€˜[01m[KVehicleControlCommand__rosidl_typesupport_introspection_c__VehicleControlCommand_fini_function[m[Kâ€™:
[01m[K/home/kcg/copy/idan_driver_ws/build/autoware_auto_msgs/rosidl_typesupport_introspection_c/autoware_auto_msgs/msg/detail/vehicle_control_command__type_support.c:37:3:[m[K [01;35m[Kwarning: [m[Kimplicit declaration of function â€˜[01m[Kautoware_auto_msgs__msg__VehicleControlCommand__fini[m[Kâ€™; did you mean â€˜[01m[Kautoware_auto_vehicle_msgs__msg__VehicleControlCommand__fini[m[Kâ€™? [[01;35m[K-Wimplicit-function-declaration[m[K]
   37 |   [01;35m[Kautoware_auto_msgs__msg__VehicleControlCommand__fini[m[K(message_memory);
      |   [01;35m[K^~~~~~~~~~~~~~~~~~~~~~~~~~~~~~~~~~~~~~~~~~~~~~~~~~~~[m[K
      |   [32m[Kautoware_auto_vehicle_msgs__msg__VehicleControlCommand__fini[m[K
In file included from [01m[K/usr/include/alloca.h:24[m[K,
                 from [01m[K/usr/include/stdlib.h:568[m[K,
                 from [01m[K/home/kcg/copy/idan_driver_ws/build/autoware_auto_msgs/rosidl_generator_c/autoware_auto_msgs/msg/detail/vehicle_control_command__functions.h:14[m[K,
                 from [01m[K/home/kcg/copy/idan_driver_ws/build/autoware_auto_msgs/rosidl_typesupport_introspection_c/autoware_auto_msgs/msg/detail/vehicle_control_command__type_support.c:11[m[K:
[01m[K/home/kcg/copy/idan_driver_ws/build/autoware_auto_msgs/rosidl_typesupport_introspection_c/autoware_auto_msgs/msg/detail/vehicle_control_command__type_support.c:[m[K At top level:
[01m[K/home/kcg/copy/idan_driver_ws/build/autoware_auto_msgs/rosidl_typesupport_introspection_c/autoware_auto_msgs/msg/detail/vehicle_control_command__type_support.c:49:14:[m[K [01;31m[Kerror: [m[Kunknown type name â€˜[01m[Kautoware_auto_msgs__msg__VehicleControlCommand[m[Kâ€™
   49 |     offsetof([01;31m[Kautoware_auto_msgs__msg__VehicleControlCommand[m[K, stamp),  // bytes offset in struct
      |              [01;31m[K^~~~~~~~~~~~~~~~~~~~~~~~~~~~~~~~~~~~~~~~~~~~~~[m[K
[01m[K/home/kcg/copy/idan_driver_ws/build/autoware_auto_msgs/rosidl_typesupport_introspection_c/autoware_auto_msgs/msg/detail/vehicle_control_command__type_support.c:64:14:[m[K [01;31m[Kerror: [m[Kunknown type name â€˜[01m[Kautoware_auto_msgs__msg__VehicleControlCommand[m[Kâ€™
   64 |     offsetof([01;31m[Kautoware_auto_msgs__msg__VehicleControlCommand[m[K, long_accel_mps2),  // bytes offset in struct
      |              [01;31m[K^~~~~~~~~~~~~~~~~~~~~~~~~~~~~~~~~~~~~~~~~~~~~~[m[K
[01m[K/home/kcg/copy/idan_driver_ws/build/autoware_auto_msgs/rosidl_typesupport_introspection_c/autoware_auto_msgs/msg/detail/vehicle_control_command__type_support.c:79:14:[m[K [01;31m[Kerror: [m[Kunknown type name â€˜[01m[Kautoware_auto_msgs__msg__VehicleControlCommand[m[Kâ€™
   79 |     offsetof([01;31m[Kautoware_auto_msgs__msg__VehicleControlCommand[m[K, velocity_mps),  // bytes offset in struct
      |              [01;31m[K^~~~~~~~~~~~~~~~~~~~~~~~~~~~~~~~~~~~~~~~~~~~~~[m[K
[01m[K/home/kcg/copy/idan_driver_ws/build/autoware_auto_msgs/rosidl_typesupport_introspection_c/autoware_auto_msgs/msg/detail/vehicle_control_command__type_support.c:94:14:[m[K [01;31m[Kerror: [m[Kunknown type name â€˜[01m[Kautoware_auto_msgs__msg__VehicleControlCommand[m[Kâ€™
   94 |     offsetof([01;31m[Kautoware_auto_msgs__msg__VehicleControlCommand[m[K, front_wheel_angle_rad),  // bytes offset in struct
      |              [01;31m[K^~~~~~~~~~~~~~~~~~~~~~~~~~~~~~~~~~~~~~~~~~~~~~[m[K
[01m[K/home/kcg/copy/idan_driver_ws/build/autoware_auto_msgs/rosidl_typesupport_introspection_c/autoware_auto_msgs/msg/detail/vehicle_control_command__type_support.c:109:14:[m[K [01;31m[Kerror: [m[Kunknown type name â€˜[01m[Kautoware_auto_msgs__msg__VehicleControlCommand[m[Kâ€™
  109 |     offsetof([01;31m[Kautoware_auto_msgs__msg__VehicleControlCommand[m[K, rear_wheel_angle_rad),  // bytes offset in struct
      |              [01;31m[K^~~~~~~~~~~~~~~~~~~~~~~~~~~~~~~~~~~~~~~~~~~~~~[m[K
[01m[K/home/kcg/copy/idan_driver_ws/build/autoware_auto_msgs/rosidl_typesupport_introspection_c/autoware_auto_msgs/msg/detail/vehicle_control_command__type_support.c:122:10:[m[K [01;31m[Kerror: [m[Kâ€˜[01m[Kautoware_auto_msgs__msg__VehicleControlCommand[m[Kâ€™ undeclared here (not in a function); did you mean â€˜[01m[Kautoware_auto_vehicle_msgs__msg__VehicleControlCommand[m[Kâ€™?
  122 |   sizeof([01;31m[Kautoware_auto_msgs__msg__VehicleControlCommand[m[K),
      |          [01;31m[K^~~~~~~~~~~~~~~~~~~~~~~~~~~~~~~~~~~~~~~~~~~~~~[m[K
      |          [32m[Kautoware_auto_vehicle_msgs__msg__VehicleControlCommand[m[K
make[2]: *** [CMakeFiles/autoware_auto_msgs__rosidl_typesupport_introspection_c.dir/build.make:110: CMakeFiles/autoware_auto_msgs__rosidl_typesupport_introspection_c.dir/rosidl_typesupport_introspection_c/autoware_auto_msgs/msg/detail/vehicle_control_command__type_support.c.o] Error 1
make[1]: *** [CMakeFiles/Makefile2:381: CMakeFiles/autoware_auto_msgs__rosidl_typesupport_introspection_c.dir/all] Error 2
[01m[K/home/kcg/copy/idan_driver_ws/build/autoware_auto_msgs/rosidl_typesupport_cpp/autoware_auto_msgs/msg/vehicle_control_command__type_support.cpp:89:33:[m[K [01;31m[Kerror: [m[Kâ€˜[01m[Kautoware_auto_msgs[m[Kâ€™ was not declared in this scope; did you mean â€˜[01m[Kautoware_auto_vehicle_msgs[m[Kâ€™?
   89 | get_message_type_support_handle<[01;31m[Kautoware_auto_msgs[m[K::msg::VehicleControlCommand>()
      |                                 [01;31m[K^~~~~~~~~~~~~~~~~~[m[K
      |                                 [32m[Kautoware_auto_vehicle_msgs[m[K
[01m[K/home/kcg/copy/idan_driver_ws/build/autoware_auto_msgs/rosidl_typesupport_cpp/autoware_auto_msgs/msg/vehicle_control_command__type_support.cpp:89:1:[m[K [01;31m[Kerror: [m[Kparse error in template argument list
   89 | [01;31m[Kget_message_type_support_handle<autoware_auto_msgs::msg::VehicleControlCommand>[m[K()
      | [01;31m[K^~~~~~~~~~~~~~~~~~~~~~~~~~~~~~~~~~~~~~~~~~~~~~~~~~~~~~~~~~~~~~~~~~~~~~~~~~~~~~~[m[K
[01m[K/home/kcg/copy/idan_driver_ws/build/autoware_auto_msgs/rosidl_typesupport_cpp/autoware_auto_msgs/msg/vehicle_control_command__type_support.cpp:89:1:[m[K [01;31m[Kerror: [m[Ktemplate-id â€˜[01m[Kget_message_type_support_handle<<expression error> >[m[Kâ€™ for â€˜[01m[Kconst rosidl_message_type_support_t* rosidl_typesupport_cpp::get_message_type_support_handle()[m[Kâ€™ does not match any template declaration
In file included from [01m[K/home/kcg/copy/idan_driver_ws/build/autoware_auto_msgs/rosidl_typesupport_cpp/autoware_auto_msgs/msg/vehicle_control_command__type_support.cpp:9[m[K:
[01m[K/opt/ros/foxy/include/rosidl_typesupport_cpp/message_type_support.hpp:25:39:[m[K [01;36m[Knote: [m[Kcandidate is: â€˜[01m[Ktemplate<class T> const rosidl_message_type_support_t* rosidl_typesupport_cpp::get_message_type_support_handle()[m[Kâ€™
   25 | const rosidl_message_type_support_t * [01;36m[Kget_message_type_support_handle[m[K();
      |                                       [01;36m[K^~~~~~~~~~~~~~~~~~~~~~~~~~~~~~~[m[K
[01m[K/home/kcg/copy/idan_driver_ws/build/autoware_auto_msgs/rosidl_typesupport_cpp/autoware_auto_msgs/msg/vehicle_control_command__type_support.cpp:[m[K In function â€˜[01m[Kconst rosidl_message_type_support_t* rosidl_typesupport_cpp::rosidl_typesupport_cpp__get_message_type_support_handle__autoware_auto_msgs__msg__VehicleControlCommand()[m[Kâ€™:
[01m[K/home/kcg/copy/idan_driver_ws/build/autoware_auto_msgs/rosidl_typesupport_cpp/autoware_auto_msgs/msg/vehicle_control_command__type_support.cpp:102:42:[m[K [01;31m[Kerror: [m[Kâ€˜[01m[Kautoware_auto_msgs[m[Kâ€™ was not declared in this scope; did you mean â€˜[01m[Kautoware_auto_vehicle_msgs[m[Kâ€™?
  102 |   return get_message_type_support_handle<[01;31m[Kautoware_auto_msgs[m[K::msg::VehicleControlCommand>();
      |                                          [01;31m[K^~~~~~~~~~~~~~~~~~[m[K
      |                                          [32m[Kautoware_auto_vehicle_msgs[m[K
[01m[K/home/kcg/copy/idan_driver_ws/build/autoware_auto_msgs/rosidl_typesupport_cpp/autoware_auto_msgs/msg/vehicle_control_command__type_support.cpp:102:10:[m[K [01;31m[Kerror: [m[Kparse error in template argument list
  102 |   return [01;31m[Kget_message_type_support_handle<autoware_auto_msgs::msg::VehicleControlCommand>[m[K();
      |          [01;31m[K^~~~~~~~~~~~~~~~~~~~~~~~~~~~~~~~~~~~~~~~~~~~~~~~~~~~~~~~~~~~~~~~~~~~~~~~~~~~~~~[m[K
[01m[K/home/kcg/copy/idan_driver_ws/build/autoware_auto_msgs/rosidl_typesupport_cpp/autoware_auto_msgs/msg/vehicle_control_command__type_support.cpp:102:90:[m[K [01;31m[Kerror: [m[Kno matching function for call to â€˜[01m[Kget_message_type_support_handle<<expression error> >()[m[Kâ€™
  102 | pport_handle<autoware_auto_msgs::msg::VehicleControlCommand>([01;31m[K)[m[K;
      |                                                              [01;31m[K^[m[K

In file included from [01m[K/home/kcg/copy/idan_driver_ws/build/autoware_auto_msgs/rosidl_typesupport_cpp/autoware_auto_msgs/msg/vehicle_control_command__type_support.cpp:9[m[K:
[01m[K/opt/ros/foxy/include/rosidl_typesupport_cpp/message_type_support.hpp:25:39:[m[K [01;36m[Knote: [m[Kcandidate: â€˜[01m[Ktemplate<class T> const rosidl_message_type_support_t* rosidl_typesupport_cpp::get_message_type_support_handle()[m[Kâ€™
   25 | const rosidl_message_type_support_t * [01;36m[Kget_message_type_support_handle[m[K();
      |                                       [01;36m[K^~~~~~~~~~~~~~~~~~~~~~~~~~~~~~~[m[K
[01m[K/opt/ros/foxy/include/rosidl_typesupport_cpp/message_type_support.hpp:25:39:[m[K [01;36m[Knote: [m[K  template argument deduction/substitution failed:
[01m[K/home/kcg/copy/idan_driver_ws/build/autoware_auto_msgs/rosidl_typesupport_cpp/autoware_auto_msgs/msg/vehicle_control_command__type_support.cpp:102:90:[m[K [01;31m[Kerror: [m[Ktemplate argument 1 is invalid
  102 | pport_handle<autoware_auto_msgs::msg::VehicleControlCommand>([01;31m[K)[m[K;
      |                                                              [01;31m[K^[m[K

[01m[K/home/kcg/copy/idan_driver_ws/build/autoware_auto_msgs/rosidl_typesupport_introspection_cpp/autoware_auto_msgs/msg/detail/vehicle_control_command__type_support.cpp:[m[K In function â€˜[01m[Kvoid autoware_auto_vehicle_msgs::msg::rosidl_typesupport_introspection_cpp::VehicleControlCommand_init_function(void*, rosidl_runtime_cpp::MessageInitialization)[m[Kâ€™:
[01m[K/home/kcg/copy/idan_driver_ws/build/autoware_auto_msgs/rosidl_typesupport_introspection_cpp/autoware_auto_msgs/msg/detail/vehicle_control_command__type_support.cpp:31:24:[m[K [01;31m[Kerror: [m[Kâ€˜[01m[Kautoware_auto_msgs[m[Kâ€™ does not name a type; did you mean â€˜[01m[Kautoware_auto_vehicle_msgs[m[Kâ€™?
   31 |   new (message_memory) [01;31m[Kautoware_auto_msgs[m[K::msg::VehicleControlCommand(_init);
      |                        [01;31m[K^~~~~~~~~~~~~~~~~~[m[K
      |                        [32m[Kautoware_auto_vehicle_msgs[m[K
[01m[K/home/kcg/copy/idan_driver_ws/build/autoware_auto_msgs/rosidl_typesupport_introspection_cpp/autoware_auto_msgs/msg/detail/vehicle_control_command__type_support.cpp:[m[K In function â€˜[01m[Kvoid autoware_auto_vehicle_msgs::msg::rosidl_typesupport_introspection_cpp::VehicleControlCommand_fini_function(void*)[m[Kâ€™:
[01m[K/home/kcg/copy/idan_driver_ws/build/autoware_auto_msgs/rosidl_typesupport_introspection_cpp/autoware_auto_msgs/msg/detail/vehicle_control_command__type_support.cpp:36:36:[m[K [01;31m[Kerror: [m[Kâ€˜[01m[Kautoware_auto_msgs[m[Kâ€™ does not name a type; did you mean â€˜[01m[Kautoware_auto_vehicle_msgs[m[Kâ€™?
   36 |   auto typed_message = static_cast<[01;31m[Kautoware_auto_msgs[m[K::msg::VehicleControlCommand *>(message_memory);
      |                                    [01;31m[K^~~~~~~~~~~~~~~~~~[m[K
      |                                    [32m[Kautoware_auto_vehicle_msgs[m[K
[01m[K/home/kcg/copy/idan_driver_ws/build/autoware_auto_msgs/rosidl_typesupport_introspection_cpp/autoware_auto_msgs/msg/detail/vehicle_control_command__type_support.cpp:36:54:[m[K [01;31m[Kerror: [m[Kexpected â€˜[01m[K>[m[Kâ€™ before â€˜[01m[K::[m[Kâ€™ token
   36 |   auto typed_message = static_cast<autoware_auto_msgs[01;31m[K::[m[Kmsg::VehicleControlCommand *>(message_memory);
      |                                                      [01;31m[K^~[m[K
[01m[K/home/kcg/copy/idan_driver_ws/build/autoware_auto_msgs/rosidl_typesupport_introspection_cpp/autoware_auto_msgs/msg/detail/vehicle_control_command__type_support.cpp:36:54:[m[K [01;31m[Kerror: [m[Kexpected â€˜[01m[K([m[Kâ€™ before â€˜[01m[K::[m[Kâ€™ token
   36 |   auto typed_message = static_cast<autoware_auto_msgs[01;31m[K:[m[K[32m[K:[m[Kmsg::VehicleControlCommand *>(message_memory);
      |                                                      [01;31m[K^[m[K[32m[K~[m[K
      |                                                      [32m[K([m[K
[01m[K/home/kcg/copy/idan_driver_ws/build/autoware_auto_msgs/rosidl_typesupport_introspection_cpp/autoware_auto_msgs/msg/detail/vehicle_control_command__type_support.cpp:36:56:[m[K [01;31m[Kerror: [m[Kâ€˜[01m[K::msg[m[Kâ€™ has not been declared
   36 |   auto typed_message = static_cast<autoware_auto_msgs::[01;31m[Kmsg[m[K::VehicleControlCommand *>(message_memory);
      |                                                        [01;31m[K^~~[m[K
[01m[K/home/kcg/copy/idan_driver_ws/build/autoware_auto_msgs/rosidl_typesupport_introspection_cpp/autoware_auto_msgs/msg/detail/vehicle_control_command__type_support.cpp:36:84:[m[K [01;31m[Kerror: [m[Kexpected primary-expression before â€˜[01m[K>[m[Kâ€™ token
   36 |   auto typed_message = static_cast<autoware_auto_msgs::msg::VehicleControlCommand *[01;31m[K>[m[K(message_memory);
      |                                                                                    [01;31m[K^[m[K
[01m[K/home/kcg/copy/idan_driver_ws/build/autoware_auto_msgs/rosidl_typesupport_introspection_cpp/autoware_auto_msgs/msg/detail/vehicle_control_command__type_support.cpp:36:101:[m[K [01;31m[Kerror: [m[Kexpected â€˜[01m[K)[m[Kâ€™ before â€˜[01m[K;[m[Kâ€™ token
   36 |   auto typed_message = static_cast<autoware_auto_msgs::msg::VehicleControlCommand *>(message_memory)[01;31m[K;[m[K
      |                                                                                                     [01;31m[K^[m[K
      |                                                                                                     [32m[K)[m[K
In file included from [01m[K/usr/include/stdio.h:33[m[K,
                 from [01m[K/usr/include/c++/9/cstdio:42[m[K,
                 from [01m[K/usr/include/c++/9/ext/string_conversions.h:43[m[K,
                 from [01m[K/usr/include/c++/9/bits/basic_string.h:6496[m[K,
                 from [01m[K/usr/include/c++/9/string:55[m[K,
                 from [01m[K/usr/include/c++/9/stdexcept:39[m[K,
                 from [01m[K/usr/include/c++/9/array:39[m[K,
                 from [01m[K/home/kcg/copy/idan_driver_ws/build/autoware_auto_msgs/rosidl_typesupport_introspection_cpp/autoware_auto_msgs/msg/detail/vehicle_control_command__type_support.cpp:5[m[K:
[01m[K/home/kcg/copy/idan_driver_ws/build/autoware_auto_msgs/rosidl_typesupport_introspection_cpp/autoware_auto_msgs/msg/detail/vehicle_control_command__type_support.cpp:[m[K At global scope:
[01m[K/home/kcg/copy/idan_driver_ws/build/autoware_auto_msgs/rosidl_typesupport_introspection_cpp/autoware_auto_msgs/msg/detail/vehicle_control_command__type_support.cpp:49:14:[m[K [01;31m[Kerror: [m[Kâ€˜[01m[Kautoware_auto_msgs[m[Kâ€™ does not name a type; did you mean â€˜[01m[Kautoware_auto_vehicle_msgs[m[Kâ€™?
   49 |     offsetof([01;31m[Kautoware_auto_msgs[m[K::msg::VehicleControlCommand, stamp),  // bytes offset in struct
      |              [01;31m[K^~~~~~~~~~~~~~~~~~[m[K
[01m[K/home/kcg/copy/idan_driver_ws/build/autoware_auto_msgs/rosidl_typesupport_introspection_cpp/autoware_auto_msgs/msg/detail/vehicle_control_command__type_support.cpp:49:32:[m[K [01;31m[Kerror: [m[Kexpected â€˜[01m[K,[m[Kâ€™ before â€˜[01m[K::[m[Kâ€™ token
   49 |     offsetof(autoware_auto_msgs[01;31m[K::[m[Kmsg::VehicleControlCommand, stamp),  // bytes offset in struct
      |                                [01;31m[K^~[m[K
[01m[K/home/kcg/copy/idan_driver_ws/build/autoware_auto_msgs/rosidl_typesupport_introspection_cpp/autoware_auto_msgs/msg/detail/vehicle_control_command__type_support.cpp:49:34:[m[K [01;31m[Kerror: [m[Kâ€˜[01m[K::msg[m[Kâ€™ has not been declared
   49 |     offsetof(autoware_auto_msgs::[01;31m[Kmsg[m[K::VehicleControlCommand, stamp),  // bytes offset in struct
      |                                  [01;31m[K^~~[m[K
[01m[K/home/kcg/copy/idan_driver_ws/build/autoware_auto_msgs/rosidl_typesupport_introspection_cpp/autoware_auto_msgs/msg/detail/vehicle_control_command__type_support.cpp:49:5:[m[K [01;31m[Kerror: [m[Kexpected â€˜[01m[K)[m[Kâ€™ before â€˜[01m[K,[m[Kâ€™ token
   49 |     [01;31m[Koffsetof[m[K(autoware_auto_msgs::msg::VehicleControlCommand, stamp),  // bytes offset in struct
      |     [01;31m[K^~~~~~~~[m[K
[01m[K/home/kcg/copy/idan_driver_ws/build/autoware_auto_msgs/rosidl_typesupport_introspection_cpp/autoware_auto_msgs/msg/detail/vehicle_control_command__type_support.cpp:64:14:[m[K [01;31m[Kerror: [m[Kâ€˜[01m[Kautoware_auto_msgs[m[Kâ€™ does not name a type; did you mean â€˜[01m[Kautoware_auto_vehicle_msgs[m[Kâ€™?
   64 |     offsetof([01;31m[Kautoware_auto_msgs[m[K::msg::VehicleControlCommand, long_accel_mps2),  // bytes offset in struct
      |              [01;31m[K^~~~~~~~~~~~~~~~~~[m[K
[01m[K/home/kcg/copy/idan_driver_ws/build/autoware_auto_msgs/rosidl_typesupport_introspection_cpp/autoware_auto_msgs/msg/detail/vehicle_control_command__type_support.cpp:64:32:[m[K [01;31m[Kerror: [m[Kexpected â€˜[01m[K,[m[Kâ€™ before â€˜[01m[K::[m[Kâ€™ token
   64 |     offsetof(autoware_auto_msgs[01;31m[K::[m[Kmsg::VehicleControlCommand, long_accel_mps2),  // bytes offset in struct
      |                                [01;31m[K^~[m[K
[01m[K/home/kcg/copy/idan_driver_ws/build/autoware_auto_msgs/rosidl_typesupport_introspection_cpp/autoware_auto_msgs/msg/detail/vehicle_control_command__type_support.cpp:64:34:[m[K [01;31m[Kerror: [m[Kâ€˜[01m[K::msg[m[Kâ€™ has not been declared
   64 |     offsetof(autoware_auto_msgs::[01;31m[Kmsg[m[K::VehicleControlCommand, long_accel_mps2),  // bytes offset in struct
      |                                  [01;31m[K^~~[m[K
[01m[K/home/kcg/copy/idan_driver_ws/build/autoware_auto_msgs/rosidl_typesupport_introspection_cpp/autoware_auto_msgs/msg/detail/vehicle_control_command__type_support.cpp:64:5:[m[K [01;31m[Kerror: [m[Kexpected â€˜[01m[K)[m[Kâ€™ before â€˜[01m[K,[m[Kâ€™ token
   64 |     [01;31m[Koffsetof[m[K(autoware_auto_msgs::msg::VehicleControlCommand, long_accel_mps2),  // bytes offset in struct
      |     [01;31m[K^~~~~~~~[m[K
[01m[K/home/kcg/copy/idan_driver_ws/build/autoware_auto_msgs/rosidl_typesupport_introspection_cpp/autoware_auto_msgs/msg/detail/vehicle_control_command__type_support.cpp:79:14:[m[K [01;31m[Kerror: [m[Kâ€˜[01m[Kautoware_auto_msgs[m[Kâ€™ does not name a type; did you mean â€˜[01m[Kautoware_auto_vehicle_msgs[m[Kâ€™?
   79 |     offsetof([01;31m[Kautoware_auto_msgs[m[K::msg::VehicleControlCommand, velocity_mps),  // bytes offset in struct
      |              [01;31m[K^~~~~~~~~~~~~~~~~~[m[K
[01m[K/home/kcg/copy/idan_driver_ws/build/autoware_auto_msgs/rosidl_typesupport_introspection_cpp/autoware_auto_msgs/msg/detail/vehicle_control_command__type_support.cpp:79:32:[m[K [01;31m[Kerror: [m[Kexpected â€˜[01m[K,[m[Kâ€™ before â€˜[01m[K::[m[Kâ€™ token
   79 |     offsetof(autoware_auto_msgs[01;31m[K::[m[Kmsg::VehicleControlCommand, velocity_mps),  // bytes offset in struct
      |                                [01;31m[K^~[m[K
[01m[K/home/kcg/copy/idan_driver_ws/build/autoware_auto_msgs/rosidl_typesupport_introspection_cpp/autoware_auto_msgs/msg/detail/vehicle_control_command__type_support.cpp:79:34:[m[K [01;31m[Kerror: [m[Kâ€˜[01m[K::msg[m[Kâ€™ has not been declared
   79 |     offsetof(autoware_auto_msgs::[01;31m[Kmsg[m[K::VehicleControlCommand, velocity_mps),  // bytes offset in struct
      |                                  [01;31m[K^~~[m[K
[01m[K/home/kcg/copy/idan_driver_ws/build/autoware_auto_msgs/rosidl_typesupport_introspection_cpp/autoware_auto_msgs/msg/detail/vehicle_control_command__type_support.cpp:79:5:[m[K [01;31m[Kerror: [m[Kexpected â€˜[01m[K)[m[Kâ€™ before â€˜[01m[K,[m[Kâ€™ token
   79 |     [01;31m[Koffsetof[m[K(autoware_auto_msgs::msg::VehicleControlCommand, velocity_mps),  // bytes offset in struct
      |     [01;31m[K^~~~~~~~[m[K
[01m[K/home/kcg/copy/idan_driver_ws/build/autoware_auto_msgs/rosidl_typesupport_introspection_cpp/autoware_auto_msgs/msg/detail/vehicle_control_command__type_support.cpp:94:14:[m[K [01;31m[Kerror: [m[Kâ€˜[01m[Kautoware_auto_msgs[m[Kâ€™ does not name a type; did you mean â€˜[01m[Kautoware_auto_vehicle_msgs[m[Kâ€™?
   94 |     offsetof([01;31m[Kautoware_auto_msgs[m[K::msg::VehicleControlCommand, front_wheel_angle_rad),  // bytes offset in struct
      |              [01;31m[K^~~~~~~~~~~~~~~~~~[m[K
[01m[K/home/kcg/copy/idan_driver_ws/build/autoware_auto_msgs/rosidl_typesupport_introspection_cpp/autoware_auto_msgs/msg/detail/vehicle_control_command__type_support.cpp:94:32:[m[K [01;31m[Kerror: [m[Kexpected â€˜[01m[K,[m[Kâ€™ before â€˜[01m[K::[m[Kâ€™ token
   94 |     offsetof(autoware_auto_msgs[01;31m[K::[m[Kmsg::VehicleControlCommand, front_wheel_angle_rad),  // bytes offset in struct
      |                                [01;31m[K^~[m[K
[01m[K/home/kcg/copy/idan_driver_ws/build/autoware_auto_msgs/rosidl_typesupport_introspection_cpp/autoware_auto_msgs/msg/detail/vehicle_control_command__type_support.cpp:94:34:[m[K [01;31m[Kerror: [m[Kâ€˜[01m[K::msg[m[Kâ€™ has not been declared
   94 |     offsetof(autoware_auto_msgs::[01;31m[Kmsg[m[K::VehicleControlCommand, front_wheel_angle_rad),  // bytes offset in struct
      |                                  [01;31m[K^~~[m[K
[01m[K/home/kcg/copy/idan_driver_ws/build/autoware_auto_msgs/rosidl_typesupport_introspection_cpp/autoware_auto_msgs/msg/detail/vehicle_control_command__type_support.cpp:94:5:[m[K [01;31m[Kerror: [m[Kexpected â€˜[01m[K)[m[Kâ€™ before â€˜[01m[K,[m[Kâ€™ token
   94 |     [01;31m[Koffsetof[m[K(autoware_auto_msgs::msg::VehicleControlCommand, front_wheel_angle_rad),  // bytes offset in struct
      |     [01;31m[K^~~~~~~~[m[K
[01m[K/home/kcg/copy/idan_driver_ws/build/autoware_auto_msgs/rosidl_typesupport_introspection_cpp/autoware_auto_msgs/msg/detail/vehicle_control_command__type_support.cpp:109:14:[m[K [01;31m[Kerror: [m[Kâ€˜[01m[Kautoware_auto_msgs[m[Kâ€™ does not name a type; did you mean â€˜[01m[Kautoware_auto_vehicle_msgs[m[Kâ€™?
  109 |     offsetof([01;31m[Kautoware_auto_msgs[m[K::msg::VehicleControlCommand, rear_wheel_angle_rad),  // bytes offset in struct
      |              [01;31m[K^~~~~~~~~~~~~~~~~~[m[K
[01m[K/home/kcg/copy/idan_driver_ws/build/autoware_auto_msgs/rosidl_typesupport_introspection_cpp/autoware_auto_msgs/msg/detail/vehicle_control_command__type_support.cpp:109:32:[m[K [01;31m[Kerror: [m[Kexpected â€˜[01m[K,[m[Kâ€™ before â€˜[01m[K::[m[Kâ€™ token
  109 |     offsetof(autoware_auto_msgs[01;31m[K::[m[Kmsg::VehicleControlCommand, rear_wheel_angle_rad),  // bytes offset in struct
      |                                [01;31m[K^~[m[K
[01m[K/home/kcg/copy/idan_driver_ws/build/autoware_auto_msgs/rosidl_typesupport_introspection_cpp/autoware_auto_msgs/msg/detail/vehicle_control_command__type_support.cpp:109:34:[m[K [01;31m[Kerror: [m[Kâ€˜[01m[K::msg[m[Kâ€™ has not been declared
  109 |     offsetof(autoware_auto_msgs::[01;31m[Kmsg[m[K::VehicleControlCommand, rear_wheel_angle_rad),  // bytes offset in struct
      |                                  [01;31m[K^~~[m[K
[01m[K/home/kcg/copy/idan_driver_ws/build/autoware_auto_msgs/rosidl_typesupport_introspection_cpp/autoware_auto_msgs/msg/detail/vehicle_control_command__type_support.cpp:109:5:[m[K [01;31m[Kerror: [m[Kexpected â€˜[01m[K)[m[Kâ€™ before â€˜[01m[K,[m[Kâ€™ token
  109 |     [01;31m[Koffsetof[m[K(autoware_auto_msgs::msg::VehicleControlCommand, rear_wheel_angle_rad),  // bytes offset in struct
      |     [01;31m[K^~~~~~~~[m[K
[01m[K/home/kcg/copy/idan_driver_ws/build/autoware_auto_msgs/rosidl_typesupport_introspection_cpp/autoware_auto_msgs/msg/detail/vehicle_control_command__type_support.cpp:122:10:[m[K [01;31m[Kerror: [m[Kâ€˜[01m[Kautoware_auto_msgs[m[Kâ€™ has not been declared
  122 |   sizeof([01;31m[Kautoware_auto_msgs[m[K::msg::VehicleControlCommand),
      |          [01;31m[K^~~~~~~~~~~~~~~~~~[m[K
[01m[K/home/kcg/copy/idan_driver_ws/build/autoware_auto_msgs/rosidl_typesupport_introspection_cpp/autoware_auto_msgs/msg/detail/vehicle_control_command__type_support.cpp:147:33:[m[K [01;31m[Kerror: [m[Kâ€˜[01m[Kautoware_auto_msgs[m[Kâ€™ was not declared in this scope; did you mean â€˜[01m[Kautoware_auto_vehicle_msgs[m[Kâ€™?
  147 | get_message_type_support_handle<[01;31m[Kautoware_auto_msgs[m[K::msg::VehicleControlCommand>()
      |                                 [01;31m[K^~~~~~~~~~~~~~~~~~[m[K
      |                                 [32m[Kautoware_auto_vehicle_msgs[m[K
[01m[K/home/kcg/copy/idan_driver_ws/build/autoware_auto_msgs/rosidl_typesupport_introspection_cpp/autoware_auto_msgs/msg/detail/vehicle_control_command__type_support.cpp:147:1:[m[K [01;31m[Kerror: [m[Kparse error in template argument list
  147 | [01;31m[Kget_message_type_support_handle<autoware_auto_msgs::msg::VehicleControlCommand>[m[K()
      | [01;31m[K^~~~~~~~~~~~~~~~~~~~~~~~~~~~~~~~~~~~~~~~~~~~~~~~~~~~~~~~~~~~~~~~~~~~~~~~~~~~~~~[m[K
[01m[K/home/kcg/copy/idan_driver_ws/build/autoware_auto_msgs/rosidl_typesupport_introspection_cpp/autoware_auto_msgs/msg/detail/vehicle_control_command__type_support.cpp:147:1:[m[K [01;31m[Kerror: [m[Ktemplate-id â€˜[01m[Kget_message_type_support_handle<<expression error> >[m[Kâ€™ for â€˜[01m[Kconst rosidl_message_type_support_t* rosidl_typesupport_introspection_cpp::get_message_type_support_handle()[m[Kâ€™ does not match any template declaration
In file included from [01m[K/home/kcg/copy/idan_driver_ws/build/autoware_auto_msgs/rosidl_typesupport_introspection_cpp/autoware_auto_msgs/msg/detail/vehicle_control_command__type_support.cpp:16[m[K:
[01m[K/opt/ros/foxy/include/rosidl_typesupport_introspection_cpp/message_type_support_decl.hpp:29:39:[m[K [01;36m[Knote: [m[Kcandidate is: â€˜[01m[Ktemplate<class T> const rosidl_message_type_support_t* rosidl_typesupport_introspection_cpp::get_message_type_support_handle()[m[Kâ€™
   29 | const rosidl_message_type_support_t * [01;36m[Kget_message_type_support_handle[m[K();
      |                                       [01;36m[K^~~~~~~~~~~~~~~~~~~~~~~~~~~~~~~[m[K
[01m[K/home/kcg/copy/idan_driver_ws/build/autoware_auto_msgs/rosidl_typesupport_introspection_cpp/autoware_auto_msgs/msg/detail/vehicle_control_command__type_support.cpp:[m[K In function â€˜[01m[Kconst rosidl_message_type_support_t* rosidl_typesupport_introspection_cpp__get_message_type_support_handle__autoware_auto_msgs__msg__VehicleControlCommand()[m[Kâ€™:
[01m[K/home/kcg/copy/idan_driver_ws/build/autoware_auto_msgs/rosidl_typesupport_introspection_cpp/autoware_auto_msgs/msg/detail/vehicle_control_command__type_support.cpp:162:13:[m[K [01;31m[Kerror: [m[Kâ€˜[01m[K::autoware_auto_msgs[m[Kâ€™ has not been declared
  162 |   return &::[01;31m[Kautoware_auto_msgs[m[K::msg::rosidl_typesupport_introspection_cpp::VehicleControlCommand_message_type_support_handle;
      |             [01;31m[K^~~~~~~~~~~~~~~~~~[m[K
make[2]: *** [CMakeFiles/autoware_auto_msgs__rosidl_typesupport_cpp.dir/build.make:105: CMakeFiles/autoware_auto_msgs__rosidl_typesupport_cpp.dir/rosidl_typesupport_cpp/autoware_auto_msgs/msg/vehicle_control_command__type_support.cpp.o] Error 1
make[1]: *** [CMakeFiles/Makefile2:496: CMakeFiles/autoware_auto_msgs__rosidl_typesupport_cpp.dir/all] Error 2
make[2]: *** [CMakeFiles/autoware_auto_msgs__rosidl_typesupport_introspection_cpp.dir/build.make:110: CMakeFiles/autoware_auto_msgs__rosidl_typesupport_introspection_cpp.dir/rosidl_typesupport_introspection_cpp/autoware_auto_msgs/msg/detail/vehicle_control_command__type_support.cpp.o] Error 1
make[1]: *** [CMakeFiles/Makefile2:435: CMakeFiles/autoware_auto_msgs__rosidl_typesupport_introspection_cpp.dir/all] Error 2
In file included from [01m[K/home/kcg/copy/idan_driver_ws/build/autoware_auto_msgs/rosidl_typesupport_fastrtps_cpp/autoware_auto_msgs/msg/detail/dds_fastrtps/vehicle_control_command__type_support.cpp:4[m[K:
[01m[K/home/kcg/copy/idan_driver_ws/build/autoware_auto_msgs/rosidl_typesupport_fastrtps_cpp/autoware_auto_msgs/msg/detail/vehicle_control_command__rosidl_typesupport_fastrtps_cpp.hpp:39:9:[m[K [01;31m[Kerror: [m[Kâ€˜[01m[Kautoware_auto_msgs[m[Kâ€™ does not name a type; did you mean â€˜[01m[Kautoware_auto_vehicle_msgs[m[Kâ€™?
   39 |   const [01;31m[Kautoware_auto_msgs[m[K::msg::VehicleControlCommand & ros_message,
      |         [01;31m[K^~~~~~~~~~~~~~~~~~[m[K
      |         [32m[Kautoware_auto_vehicle_msgs[m[K
[01m[K/home/kcg/copy/idan_driver_ws/build/autoware_auto_msgs/rosidl_typesupport_fastrtps_cpp/autoware_auto_msgs/msg/detail/vehicle_control_command__rosidl_typesupport_fastrtps_cpp.hpp:39:32:[m[K [01;31m[Kerror: [m[Kexpected unqualified-id before â€˜[01m[K::[m[Kâ€™ token
   39 |   const autoware_auto_msgs::msg[01;31m[K::[m[KVehicleControlCommand & ros_message,
      |                                [01;31m[K^~[m[K
[01m[K/home/kcg/copy/idan_driver_ws/build/autoware_auto_msgs/rosidl_typesupport_fastrtps_cpp/autoware_auto_msgs/msg/detail/vehicle_control_command__rosidl_typesupport_fastrtps_cpp.hpp:39:32:[m[K [01;31m[Kerror: [m[Kexpected â€˜[01m[K)[m[Kâ€™ before â€˜[01m[K::[m[Kâ€™ token
   39 |   const autoware_auto_msgs::msg[01;31m[K:[m[K[32m[K:[m[KVehicleControlCommand & ros_message,
      |                                [01;31m[K^[m[K[32m[K~[m[K
      |                                [32m[K)[m[K
[01m[K/home/kcg/copy/idan_driver_ws/build/autoware_auto_msgs/rosidl_typesupport_fastrtps_cpp/autoware_auto_msgs/msg/detail/vehicle_control_command__rosidl_typesupport_fastrtps_cpp.hpp:38:14:[m[K [01;36m[Knote: [m[Kto match this â€˜[01m[K([m[Kâ€™
   38 | cdr_serialize[01;36m[K([m[K
      |              [01;36m[K^[m[K
[01m[K/home/kcg/copy/idan_driver_ws/build/autoware_auto_msgs/rosidl_typesupport_fastrtps_cpp/autoware_auto_msgs/msg/detail/vehicle_control_command__rosidl_typesupport_fastrtps_cpp.hpp:39:32:[m[K [01;31m[Kerror: [m[Kexpected initializer before â€˜[01m[K::[m[Kâ€™ token
   39 |   const autoware_auto_msgs::msg[01;31m[K::[m[KVehicleControlCommand & ros_message,
      |                                [01;31m[K^~[m[K
[01m[K/home/kcg/copy/idan_driver_ws/build/autoware_auto_msgs/rosidl_typesupport_fastrtps_cpp/autoware_auto_msgs/msg/detail/vehicle_control_command__rosidl_typesupport_fastrtps_cpp.hpp:46:3:[m[K [01;31m[Kerror: [m[Kâ€˜[01m[Kautoware_auto_msgs[m[Kâ€™ has not been declared
   46 |   [01;31m[Kautoware_auto_msgs[m[K::msg::VehicleControlCommand & ros_message);
      |   [01;31m[K^~~~~~~~~~~~~~~~~~[m[K
[01m[K/home/kcg/copy/idan_driver_ws/build/autoware_auto_msgs/rosidl_typesupport_fastrtps_cpp/autoware_auto_msgs/msg/detail/vehicle_control_command__rosidl_typesupport_fastrtps_cpp.hpp:46:50:[m[K [01;31m[Kerror: [m[Kexpected â€˜[01m[K,[m[Kâ€™ or â€˜[01m[K...[m[Kâ€™ before â€˜[01m[K&[m[Kâ€™ token
   46 |   autoware_auto_msgs::msg::VehicleControlCommand [01;31m[K&[m[K ros_message);
      |                                                  [01;31m[K^[m[K
[01m[K/home/kcg/copy/idan_driver_ws/build/autoware_auto_msgs/rosidl_typesupport_fastrtps_cpp/autoware_auto_msgs/msg/detail/vehicle_control_command__rosidl_typesupport_fastrtps_cpp.hpp:51:9:[m[K [01;31m[Kerror: [m[Kâ€˜[01m[Kautoware_auto_msgs[m[Kâ€™ does not name a type; did you mean â€˜[01m[Kautoware_auto_vehicle_msgs[m[Kâ€™?
   51 |   const [01;31m[Kautoware_auto_msgs[m[K::msg::VehicleControlCommand & ros_message,
      |         [01;31m[K^~~~~~~~~~~~~~~~~~[m[K
      |         [32m[Kautoware_auto_vehicle_msgs[m[K
[01m[K/home/kcg/copy/idan_driver_ws/build/autoware_auto_msgs/rosidl_typesupport_fastrtps_cpp/autoware_auto_msgs/msg/detail/vehicle_control_command__rosidl_typesupport_fastrtps_cpp.hpp:51:32:[m[K [01;31m[Kerror: [m[Kexpected unqualified-id before â€˜[01m[K::[m[Kâ€™ token
   51 |   const autoware_auto_msgs::msg[01;31m[K::[m[KVehicleControlCommand & ros_message,
      |                                [01;31m[K^~[m[K
[01m[K/home/kcg/copy/idan_driver_ws/build/autoware_auto_msgs/rosidl_typesupport_fastrtps_cpp/autoware_auto_msgs/msg/detail/vehicle_control_command__rosidl_typesupport_fastrtps_cpp.hpp:51:32:[m[K [01;31m[Kerror: [m[Kexpected â€˜[01m[K)[m[Kâ€™ before â€˜[01m[K::[m[Kâ€™ token
   51 |   const autoware_auto_msgs::msg[01;31m[K:[m[K[32m[K:[m[KVehicleControlCommand & ros_message,
      |                                [01;31m[K^[m[K[32m[K~[m[K
      |                                [32m[K)[m[K
[01m[K/home/kcg/copy/idan_driver_ws/build/autoware_auto_msgs/rosidl_typesupport_fastrtps_cpp/autoware_auto_msgs/msg/detail/vehicle_control_command__rosidl_typesupport_fastrtps_cpp.hpp:50:20:[m[K [01;36m[Knote: [m[Kto match this â€˜[01m[K([m[Kâ€™
   50 | get_serialized_size[01;36m[K([m[K
      |                    [01;36m[K^[m[K
[01m[K/home/kcg/copy/idan_driver_ws/build/autoware_auto_msgs/rosidl_typesupport_fastrtps_cpp/autoware_auto_msgs/msg/detail/vehicle_control_command__rosidl_typesupport_fastrtps_cpp.hpp:51:32:[m[K [01;31m[Kerror: [m[Kexpected initializer before â€˜[01m[K::[m[Kâ€™ token
   51 |   const autoware_auto_msgs::msg[01;31m[K::[m[KVehicleControlCommand & ros_message,
      |                                [01;31m[K^~[m[K
[01m[K/home/kcg/copy/idan_driver_ws/build/autoware_auto_msgs/rosidl_typesupport_fastrtps_cpp/autoware_auto_msgs/msg/detail/dds_fastrtps/vehicle_control_command__type_support.cpp:55:9:[m[K [01;31m[Kerror: [m[Kâ€˜[01m[Kautoware_auto_msgs[m[Kâ€™ does not name a type; did you mean â€˜[01m[Kautoware_auto_vehicle_msgs[m[Kâ€™?
   55 |   const [01;31m[Kautoware_auto_msgs[m[K::msg::VehicleControlCommand & ros_message,
      |         [01;31m[K^~~~~~~~~~~~~~~~~~[m[K
      |         [32m[Kautoware_auto_vehicle_msgs[m[K
[01m[K/home/kcg/copy/idan_driver_ws/build/autoware_auto_msgs/rosidl_typesupport_fastrtps_cpp/autoware_auto_msgs/msg/detail/dds_fastrtps/vehicle_control_command__type_support.cpp:55:32:[m[K [01;31m[Kerror: [m[Kexpected unqualified-id before â€˜[01m[K::[m[Kâ€™ token
   55 |   const autoware_auto_msgs::msg[01;31m[K::[m[KVehicleControlCommand & ros_message,
      |                                [01;31m[K^~[m[K
[01m[K/home/kcg/copy/idan_driver_ws/build/autoware_auto_msgs/rosidl_typesupport_fastrtps_cpp/autoware_auto_msgs/msg/detail/dds_fastrtps/vehicle_control_command__type_support.cpp:55:32:[m[K [01;31m[Kerror: [m[Kexpected â€˜[01m[K)[m[Kâ€™ before â€˜[01m[K::[m[Kâ€™ token
   55 |   const autoware_auto_msgs::msg[01;31m[K:[m[K[32m[K:[m[KVehicleControlCommand & ros_message,
      |                                [01;31m[K^[m[K[32m[K~[m[K
      |                                [32m[K)[m[K
[01m[K/home/kcg/copy/idan_driver_ws/build/autoware_auto_msgs/rosidl_typesupport_fastrtps_cpp/autoware_auto_msgs/msg/detail/dds_fastrtps/vehicle_control_command__type_support.cpp:54:14:[m[K [01;36m[Knote: [m[Kto match this â€˜[01m[K([m[Kâ€™
   54 | cdr_serialize[01;36m[K([m[K
      |              [01;36m[K^[m[K
[01m[K/home/kcg/copy/idan_driver_ws/build/autoware_auto_msgs/rosidl_typesupport_fastrtps_cpp/autoware_auto_msgs/msg/detail/dds_fastrtps/vehicle_control_command__type_support.cpp:55:32:[m[K [01;31m[Kerror: [m[Kexpected initializer before â€˜[01m[K::[m[Kâ€™ token
   55 |   const autoware_auto_msgs::msg[01;31m[K::[m[KVehicleControlCommand & ros_message,
      |                                [01;31m[K^~[m[K
[01m[K/home/kcg/copy/idan_driver_ws/build/autoware_auto_msgs/rosidl_typesupport_fastrtps_cpp/autoware_auto_msgs/msg/detail/dds_fastrtps/vehicle_control_command__type_support.cpp:77:3:[m[K [01;31m[Kerror: [m[Kâ€˜[01m[Kautoware_auto_msgs[m[Kâ€™ has not been declared
   77 |   [01;31m[Kautoware_auto_msgs[m[K::msg::VehicleControlCommand & ros_message)
      |   [01;31m[K^~~~~~~~~~~~~~~~~~[m[K
[01m[K/home/kcg/copy/idan_driver_ws/build/autoware_auto_msgs/rosidl_typesupport_fastrtps_cpp/autoware_auto_msgs/msg/detail/dds_fastrtps/vehicle_control_command__type_support.cpp:77:50:[m[K [01;31m[Kerror: [m[Kexpected â€˜[01m[K,[m[Kâ€™ or â€˜[01m[K...[m[Kâ€™ before â€˜[01m[K&[m[Kâ€™ token
   77 |   autoware_auto_msgs::msg::VehicleControlCommand [01;31m[K&[m[K ros_message)
      |                                                  [01;31m[K^[m[K
[01m[K/home/kcg/copy/idan_driver_ws/build/autoware_auto_msgs/rosidl_typesupport_fastrtps_cpp/autoware_auto_msgs/msg/detail/dds_fastrtps/vehicle_control_command__type_support.cpp:[m[K In function â€˜[01m[Kbool autoware_auto_vehicle_msgs::msg::typesupport_fastrtps_cpp::cdr_deserialize(eprosima::fastcdr::Cdr&, int)[m[Kâ€™:
[01m[K/home/kcg/copy/idan_driver_ws/build/autoware_auto_msgs/rosidl_typesupport_fastrtps_cpp/autoware_auto_msgs/msg/detail/dds_fastrtps/vehicle_control_command__type_support.cpp:81:10:[m[K [01;31m[Kerror: [m[Kâ€˜[01m[Kros_message[m[Kâ€™ was not declared in this scope
   81 |     cdr, [01;31m[Kros_message[m[K.stamp);
      |          [01;31m[K^~~~~~~~~~~[m[K
[01m[K/home/kcg/copy/idan_driver_ws/build/autoware_auto_msgs/rosidl_typesupport_fastrtps_cpp/autoware_auto_msgs/msg/detail/dds_fastrtps/vehicle_control_command__type_support.cpp:77:28:[m[K [01;35m[Kwarning: [m[Kunused parameter â€˜[01m[KVehicleControlCommand[m[Kâ€™ [[01;35m[K-Wunused-parameter[m[K]
   77 |   [01;35m[Kautoware_auto_msgs::msg::VehicleControlCommand[m[K & ros_message)
      |   [01;35m[K~~~~~~~~~~~~~~~~~~~~~~~~~^~~~~~~~~~~~~~~~~~~~~[m[K
[01m[K/home/kcg/copy/idan_driver_ws/build/autoware_auto_msgs/rosidl_typesupport_fastrtps_cpp/autoware_auto_msgs/msg/detail/dds_fastrtps/vehicle_control_command__type_support.cpp:[m[K At global scope:
[01m[K/home/kcg/copy/idan_driver_ws/build/autoware_auto_msgs/rosidl_typesupport_fastrtps_cpp/autoware_auto_msgs/msg/detail/dds_fastrtps/vehicle_control_command__type_support.cpp:101:9:[m[K [01;31m[Kerror: [m[Kâ€˜[01m[Kautoware_auto_msgs[m[Kâ€™ does not name a type; did you mean â€˜[01m[Kautoware_auto_vehicle_msgs[m[Kâ€™?
  101 |   const [01;31m[Kautoware_auto_msgs[m[K::msg::VehicleControlCommand & ros_message,
      |         [01;31m[K^~~~~~~~~~~~~~~~~~[m[K
      |         [32m[Kautoware_auto_vehicle_msgs[m[K
[01m[K/home/kcg/copy/idan_driver_ws/build/autoware_auto_msgs/rosidl_typesupport_fastrtps_cpp/autoware_auto_msgs/msg/detail/dds_fastrtps/vehicle_control_command__type_support.cpp:101:32:[m[K [01;31m[Kerror: [m[Kexpected unqualified-id before â€˜[01m[K::[m[Kâ€™ token
  101 |   const autoware_auto_msgs::msg[01;31m[K::[m[KVehicleControlCommand & ros_message,
      |                                [01;31m[K^~[m[K
[01m[K/home/kcg/copy/idan_driver_ws/build/autoware_auto_msgs/rosidl_typesupport_fastrtps_cpp/autoware_auto_msgs/msg/detail/dds_fastrtps/vehicle_control_command__type_support.cpp:101:32:[m[K [01;31m[Kerror: [m[Kexpected â€˜[01m[K)[m[Kâ€™ before â€˜[01m[K::[m[Kâ€™ token
  101 |   const autoware_auto_msgs::msg[01;31m[K:[m[K[32m[K:[m[KVehicleControlCommand & ros_message,
      |                                [01;31m[K^[m[K[32m[K~[m[K
      |                                [32m[K)[m[K
[01m[K/home/kcg/copy/idan_driver_ws/build/autoware_auto_msgs/rosidl_typesupport_fastrtps_cpp/autoware_auto_msgs/msg/detail/dds_fastrtps/vehicle_control_command__type_support.cpp:100:20:[m[K [01;36m[Knote: [m[Kto match this â€˜[01m[K([m[Kâ€™
  100 | get_serialized_size[01;36m[K([m[K
      |                    [01;36m[K^[m[K
[01m[K/home/kcg/copy/idan_driver_ws/build/autoware_auto_msgs/rosidl_typesupport_fastrtps_cpp/autoware_auto_msgs/msg/detail/dds_fastrtps/vehicle_control_command__type_support.cpp:101:32:[m[K [01;31m[Kerror: [m[Kexpected initializer before â€˜[01m[K::[m[Kâ€™ token
  101 |   const autoware_auto_msgs::msg[01;31m[K::[m[KVehicleControlCommand & ros_message,
      |                                [01;31m[K^~[m[K
[01m[K/home/kcg/copy/idan_driver_ws/build/autoware_auto_msgs/rosidl_typesupport_fastrtps_cpp/autoware_auto_msgs/msg/detail/dds_fastrtps/vehicle_control_command__type_support.cpp:[m[K In function â€˜[01m[Kbool autoware_auto_vehicle_msgs::msg::typesupport_fastrtps_cpp::_VehicleControlCommand__cdr_serialize(const void*, eprosima::fastcdr::Cdr&)[m[Kâ€™:
[01m[K/home/kcg/copy/idan_driver_ws/build/autoware_auto_msgs/rosidl_typesupport_fastrtps_cpp/autoware_auto_msgs/msg/detail/dds_fastrtps/vehicle_control_command__type_support.cpp:211:41:[m[K [01;31m[Kerror: [m[KISO C++ forbids declaration of â€˜[01m[Ktype name[m[Kâ€™ with no type [[01;31m[K-fpermissive[m[K]
  211 |     static_cast<const autoware_auto_msgs[01;31m[K::[m[Kmsg::VehicleControlCommand *>(
      |                                         [01;31m[K^~[m[K
[01m[K/home/kcg/copy/idan_driver_ws/build/autoware_auto_msgs/rosidl_typesupport_fastrtps_cpp/autoware_auto_msgs/msg/detail/dds_fastrtps/vehicle_control_command__type_support.cpp:211:23:[m[K [01;31m[Kerror: [m[Kexpected â€˜[01m[K>[m[Kâ€™ before â€˜[01m[Kautoware_auto_msgs[m[Kâ€™
  211 |     static_cast<const [01;31m[Kautoware_auto_msgs[m[K::msg::VehicleControlCommand *>(
      |                       [01;31m[K^~~~~~~~~~~~~~~~~~[m[K
[01m[K/home/kcg/copy/idan_driver_ws/build/autoware_auto_msgs/rosidl_typesupport_fastrtps_cpp/autoware_auto_msgs/msg/detail/dds_fastrtps/vehicle_control_command__type_support.cpp:211:23:[m[K [01;31m[Kerror: [m[Kexpected â€˜[01m[K([m[Kâ€™ before â€˜[01m[Kautoware_auto_msgs[m[Kâ€™
  211 |     static_cast<const [01;31m[Ka[m[K[32m[Kutoware_auto_msgs[m[K::msg::VehicleControlCommand *>(
      |                       [01;31m[K^[m[K[32m[K~~~~~~~~~~~~~~~~~[m[K
      |                       [32m[K([m[K
[01m[K/home/kcg/copy/idan_driver_ws/build/autoware_auto_msgs/rosidl_typesupport_fastrtps_cpp/autoware_auto_msgs/msg/detail/dds_fastrtps/vehicle_control_command__type_support.cpp:211:23:[m[K [01;31m[Kerror: [m[Kâ€˜[01m[Kautoware_auto_msgs[m[Kâ€™ has not been declared
  211 |     static_cast<const [01;31m[Kautoware_auto_msgs[m[K::msg::VehicleControlCommand *>(
      |                       [01;31m[K^~~~~~~~~~~~~~~~~~[m[K
[01m[K/home/kcg/copy/idan_driver_ws/build/autoware_auto_msgs/rosidl_typesupport_fastrtps_cpp/autoware_auto_msgs/msg/detail/dds_fastrtps/vehicle_control_command__type_support.cpp:211:71:[m[K [01;31m[Kerror: [m[Kexpected primary-expression before â€˜[01m[K>[m[Kâ€™ token
  211 |     static_cast<const autoware_auto_msgs::msg::VehicleControlCommand *[01;31m[K>[m[K(
      |                                                                       [01;31m[K^[m[K
[01m[K/home/kcg/copy/idan_driver_ws/build/autoware_auto_msgs/rosidl_typesupport_fastrtps_cpp/autoware_auto_msgs/msg/detail/dds_fastrtps/vehicle_control_command__type_support.cpp:212:25:[m[K [01;31m[Kerror: [m[Kexpected â€˜[01m[K)[m[Kâ€™ before â€˜[01m[K;[m[Kâ€™ token
  212 |     untyped_ros_message)[01;31m[K;[m[K
      |                         [01;31m[K^[m[K
      |                         [32m[K)[m[K
[01m[K/home/kcg/copy/idan_driver_ws/build/autoware_auto_msgs/rosidl_typesupport_fastrtps_cpp/autoware_auto_msgs/msg/detail/dds_fastrtps/vehicle_control_command__type_support.cpp:213:10:[m[K [01;31m[Kerror: [m[Kâ€˜[01m[Kcdr_serialize[m[Kâ€™ was not declared in this scope; did you mean â€˜[01m[Kbuiltin_interfaces::msg::typesupport_fastrtps_cpp::cdr_serialize[m[Kâ€™?
  213 |   return [01;31m[Kcdr_serialize[m[K(*typed_message, cdr);
      |          [01;31m[K^~~~~~~~~~~~~[m[K
      |          [32m[Kbuiltin_interfaces::msg::typesupport_fastrtps_cpp::cdr_serialize[m[K
[01m[K/home/kcg/copy/idan_driver_ws/build/autoware_auto_msgs/rosidl_typesupport_fastrtps_cpp/autoware_auto_msgs/msg/detail/dds_fastrtps/vehicle_control_command__type_support.cpp:25:6:[m[K [01;36m[Knote: [m[Kâ€˜[01m[Kbuiltin_interfaces::msg::typesupport_fastrtps_cpp::cdr_serialize[m[Kâ€™ declared here
   25 | bool [01;36m[Kcdr_serialize[m[K(
      |      [01;36m[K^~~~~~~~~~~~~[m[K
[01m[K/home/kcg/copy/idan_driver_ws/build/autoware_auto_msgs/rosidl_typesupport_fastrtps_cpp/autoware_auto_msgs/msg/detail/dds_fastrtps/vehicle_control_command__type_support.cpp:[m[K In function â€˜[01m[Kbool autoware_auto_vehicle_msgs::msg::typesupport_fastrtps_cpp::_VehicleControlCommand__cdr_deserialize(eprosima::fastcdr::Cdr&, void*)[m[Kâ€™:
[01m[K/home/kcg/copy/idan_driver_ws/build/autoware_auto_msgs/rosidl_typesupport_fastrtps_cpp/autoware_auto_msgs/msg/detail/dds_fastrtps/vehicle_control_command__type_support.cpp:221:17:[m[K [01;31m[Kerror: [m[Kâ€˜[01m[Kautoware_auto_msgs[m[Kâ€™ does not name a type; did you mean â€˜[01m[Kautoware_auto_vehicle_msgs[m[Kâ€™?
  221 |     static_cast<[01;31m[Kautoware_auto_msgs[m[K::msg::VehicleControlCommand *>(
      |                 [01;31m[K^~~~~~~~~~~~~~~~~~[m[K
      |                 [32m[Kautoware_auto_vehicle_msgs[m[K
[01m[K/home/kcg/copy/idan_driver_ws/build/autoware_auto_msgs/rosidl_typesupport_fastrtps_cpp/autoware_auto_msgs/msg/detail/dds_fastrtps/vehicle_control_command__type_support.cpp:221:35:[m[K [01;31m[Kerror: [m[Kexpected â€˜[01m[K>[m[Kâ€™ before â€˜[01m[K::[m[Kâ€™ token
  221 |     static_cast<autoware_auto_msgs[01;31m[K::[m[Kmsg::VehicleControlCommand *>(
      |                                   [01;31m[K^~[m[K
[01m[K/home/kcg/copy/idan_driver_ws/build/autoware_auto_msgs/rosidl_typesupport_fastrtps_cpp/autoware_auto_msgs/msg/detail/dds_fastrtps/vehicle_control_command__type_support.cpp:221:35:[m[K [01;31m[Kerror: [m[Kexpected â€˜[01m[K([m[Kâ€™ before â€˜[01m[K::[m[Kâ€™ token
  221 |     static_cast<autoware_auto_msgs[01;31m[K:[m[K[32m[K:[m[Kmsg::VehicleControlCommand *>(
      |                                   [01;31m[K^[m[K[32m[K~[m[K
      |                                   [32m[K([m[K
[01m[K/home/kcg/copy/idan_driver_ws/build/autoware_auto_msgs/rosidl_typesupport_fastrtps_cpp/autoware_auto_msgs/msg/detail/dds_fastrtps/vehicle_control_command__type_support.cpp:221:37:[m[K [01;31m[Kerror: [m[Kâ€˜[01m[K::msg[m[Kâ€™ has not been declared
  221 |     static_cast<autoware_auto_msgs::[01;31m[Kmsg[m[K::VehicleControlCommand *>(
      |                                     [01;31m[K^~~[m[K
[01m[K/home/kcg/copy/idan_driver_ws/build/autoware_auto_msgs/rosidl_typesupport_fastrtps_cpp/autoware_auto_msgs/msg/detail/dds_fastrtps/vehicle_control_command__type_support.cpp:221:65:[m[K [01;31m[Kerror: [m[Kexpected primary-expression before â€˜[01m[K>[m[Kâ€™ token
  221 |     static_cast<autoware_auto_msgs::msg::VehicleControlCommand *[01;31m[K>[m[K(
      |                                                                 [01;31m[K^[m[K
[01m[K/home/kcg/copy/idan_driver_ws/build/autoware_auto_msgs/rosidl_typesupport_fastrtps_cpp/autoware_auto_msgs/msg/detail/dds_fastrtps/vehicle_control_command__type_support.cpp:222:25:[m[K [01;31m[Kerror: [m[Kexpected â€˜[01m[K)[m[Kâ€™ before â€˜[01m[K;[m[Kâ€™ token
  222 |     untyped_ros_message)[01;31m[K;[m[K
      |                         [01;31m[K^[m[K
      |                         [32m[K)[m[K
[01m[K/home/kcg/copy/idan_driver_ws/build/autoware_auto_msgs/rosidl_typesupport_fastrtps_cpp/autoware_auto_msgs/msg/detail/dds_fastrtps/vehicle_control_command__type_support.cpp:[m[K In function â€˜[01m[Kuint32_t autoware_auto_vehicle_msgs::msg::typesupport_fastrtps_cpp::_VehicleControlCommand__get_serialized_size(const void*)[m[Kâ€™:
[01m[K/home/kcg/copy/idan_driver_ws/build/autoware_auto_msgs/rosidl_typesupport_fastrtps_cpp/autoware_auto_msgs/msg/detail/dds_fastrtps/vehicle_control_command__type_support.cpp:230:41:[m[K [01;31m[Kerror: [m[KISO C++ forbids declaration of â€˜[01m[Ktype name[m[Kâ€™ with no type [[01;31m[K-fpermissive[m[K]
  230 |     static_cast<const autoware_auto_msgs[01;31m[K::[m[Kmsg::VehicleControlCommand *>(
      |                                         [01;31m[K^~[m[K
[01m[K/home/kcg/copy/idan_driver_ws/build/autoware_auto_msgs/rosidl_typesupport_fastrtps_cpp/autoware_auto_msgs/msg/detail/dds_fastrtps/vehicle_control_command__type_support.cpp:230:23:[m[K [01;31m[Kerror: [m[Kexpected â€˜[01m[K>[m[Kâ€™ before â€˜[01m[Kautoware_auto_msgs[m[Kâ€™
  230 |     static_cast<const [01;31m[Kautoware_auto_msgs[m[K::msg::VehicleControlCommand *>(
      |                       [01;31m[K^~~~~~~~~~~~~~~~~~[m[K
[01m[K/home/kcg/copy/idan_driver_ws/build/autoware_auto_msgs/rosidl_typesupport_fastrtps_cpp/autoware_auto_msgs/msg/detail/dds_fastrtps/vehicle_control_command__type_support.cpp:230:23:[m[K [01;31m[Kerror: [m[Kexpected â€˜[01m[K([m[Kâ€™ before â€˜[01m[Kautoware_auto_msgs[m[Kâ€™
  230 |     static_cast<const [01;31m[Ka[m[K[32m[Kutoware_auto_msgs[m[K::msg::VehicleControlCommand *>(
      |                       [01;31m[K^[m[K[32m[K~~~~~~~~~~~~~~~~~[m[K
      |                       [32m[K([m[K
[01m[K/home/kcg/copy/idan_driver_ws/build/autoware_auto_msgs/rosidl_typesupport_fastrtps_cpp/autoware_auto_msgs/msg/detail/dds_fastrtps/vehicle_control_command__type_support.cpp:230:23:[m[K [01;31m[Kerror: [m[Kâ€˜[01m[Kautoware_auto_msgs[m[Kâ€™ has not been declared
  230 |     static_cast<const [01;31m[Kautoware_auto_msgs[m[K::msg::VehicleControlCommand *>(
      |                       [01;31m[K^~~~~~~~~~~~~~~~~~[m[K
[01m[K/home/kcg/copy/idan_driver_ws/build/autoware_auto_msgs/rosidl_typesupport_fastrtps_cpp/autoware_auto_msgs/msg/detail/dds_fastrtps/vehicle_control_command__type_support.cpp:230:71:[m[K [01;31m[Kerror: [m[Kexpected primary-expression before â€˜[01m[K>[m[Kâ€™ token
  230 |     static_cast<const autoware_auto_msgs::msg::VehicleControlCommand *[01;31m[K>[m[K(
      |                                                                       [01;31m[K^[m[K
[01m[K/home/kcg/copy/idan_driver_ws/build/autoware_auto_msgs/rosidl_typesupport_fastrtps_cpp/autoware_auto_msgs/msg/detail/dds_fastrtps/vehicle_control_command__type_support.cpp:231:25:[m[K [01;31m[Kerror: [m[Kexpected â€˜[01m[K)[m[Kâ€™ before â€˜[01m[K;[m[Kâ€™ token
  231 |     untyped_ros_message)[01;31m[K;[m[K
      |                         [01;31m[K^[m[K
      |                         [32m[K)[m[K
[01m[K/home/kcg/copy/idan_driver_ws/build/autoware_auto_msgs/rosidl_typesupport_fastrtps_cpp/autoware_auto_msgs/msg/detail/dds_fastrtps/vehicle_control_command__type_support.cpp:232:32:[m[K [01;31m[Kerror: [m[Kâ€˜[01m[Kget_serialized_size[m[Kâ€™ was not declared in this scope; did you mean â€˜[01m[Kbuiltin_interfaces::msg::typesupport_fastrtps_cpp::get_serialized_size[m[Kâ€™?
  232 |   return static_cast<uint32_t>([01;31m[Kget_serialized_size[m[K(*typed_message, 0));
      |                                [01;31m[K^~~~~~~~~~~~~~~~~~~[m[K
      |                                [32m[Kbuiltin_interfaces::msg::typesupport_fastrtps_cpp::get_serialized_size[m[K
[01m[K/home/kcg/copy/idan_driver_ws/build/autoware_auto_msgs/rosidl_typesupport_fastrtps_cpp/autoware_auto_msgs/msg/detail/dds_fastrtps/vehicle_control_command__type_support.cpp:31:8:[m[K [01;36m[Knote: [m[Kâ€˜[01m[Kbuiltin_interfaces::msg::typesupport_fastrtps_cpp::get_serialized_size[m[Kâ€™ declared here
   31 | size_t [01;36m[Kget_serialized_size[m[K(
      |        [01;36m[K^~~~~~~~~~~~~~~~~~~[m[K
[01m[K/home/kcg/copy/idan_driver_ws/build/autoware_auto_msgs/rosidl_typesupport_fastrtps_cpp/autoware_auto_msgs/msg/detail/dds_fastrtps/vehicle_control_command__type_support.cpp:[m[K At global scope:
[01m[K/home/kcg/copy/idan_driver_ws/build/autoware_auto_msgs/rosidl_typesupport_fastrtps_cpp/autoware_auto_msgs/msg/detail/dds_fastrtps/vehicle_control_command__type_support.cpp:267:33:[m[K [01;31m[Kerror: [m[Kâ€˜[01m[Kautoware_auto_msgs[m[Kâ€™ was not declared in this scope; did you mean â€˜[01m[Kautoware_auto_vehicle_msgs[m[Kâ€™?
  267 | get_message_type_support_handle<[01;31m[Kautoware_auto_msgs[m[K::msg::VehicleControlCommand>()
      |                                 [01;31m[K^~~~~~~~~~~~~~~~~~[m[K
      |                                 [32m[Kautoware_auto_vehicle_msgs[m[K
[01m[K/home/kcg/copy/idan_driver_ws/build/autoware_auto_msgs/rosidl_typesupport_fastrtps_cpp/autoware_auto_msgs/msg/detail/dds_fastrtps/vehicle_control_command__type_support.cpp:267:1:[m[K [01;31m[Kerror: [m[Kparse error in template argument list
  267 | [01;31m[Kget_message_type_support_handle<autoware_auto_msgs::msg::VehicleControlCommand>[m[K()
      | [01;31m[K^~~~~~~~~~~~~~~~~~~~~~~~~~~~~~~~~~~~~~~~~~~~~~~~~~~~~~~~~~~~~~~~~~~~~~~~~~~~~~~[m[K
[01m[K/home/kcg/copy/idan_driver_ws/build/autoware_auto_msgs/rosidl_typesupport_fastrtps_cpp/autoware_auto_msgs/msg/detail/dds_fastrtps/vehicle_control_command__type_support.cpp:267:1:[m[K [01;31m[Kerror: [m[Ktemplate-id â€˜[01m[Kget_message_type_support_handle<<expression error> >[m[Kâ€™ for â€˜[01m[Kconst rosidl_message_type_support_t* rosidl_typesupport_fastrtps_cpp::get_message_type_support_handle()[m[Kâ€™ does not match any template declaration
In file included from [01m[K/home/kcg/copy/idan_driver_ws/build/autoware_auto_msgs/rosidl_typesupport_fastrtps_cpp/autoware_auto_msgs/msg/detail/dds_fastrtps/vehicle_control_command__type_support.cpp:13[m[K:
[01m[K/opt/ros/foxy/include/rosidl_typesupport_fastrtps_cpp/message_type_support_decl.hpp:33:39:[m[K [01;36m[Knote: [m[Kcandidate is: â€˜[01m[Ktemplate<class T> const rosidl_message_type_support_t* rosidl_typesupport_fastrtps_cpp::get_message_type_support_handle()[m[Kâ€™
   33 | const rosidl_message_type_support_t * [01;36m[Kget_message_type_support_handle[m[K();
      |                                       [01;36m[K^~~~~~~~~~~~~~~~~~~~~~~~~~~~~~~[m[K
[01m[K/home/kcg/copy/idan_driver_ws/build/autoware_auto_msgs/rosidl_typesupport_fastrtps_cpp/autoware_auto_msgs/msg/detail/dds_fastrtps/vehicle_control_command__type_support.cpp:[m[K In function â€˜[01m[Kconst rosidl_message_type_support_t* rosidl_typesupport_fastrtps_cpp__get_message_type_support_handle__autoware_auto_msgs__msg__VehicleControlCommand()[m[Kâ€™:
[01m[K/home/kcg/copy/idan_driver_ws/build/autoware_auto_msgs/rosidl_typesupport_fastrtps_cpp/autoware_auto_msgs/msg/detail/dds_fastrtps/vehicle_control_command__type_support.cpp:281:11:[m[K [01;31m[Kerror: [m[Kâ€˜[01m[Kautoware_auto_msgs[m[Kâ€™ has not been declared
  281 |   return &[01;31m[Kautoware_auto_msgs[m[K::msg::typesupport_fastrtps_cpp::_VehicleControlCommand__handle;
      |           [01;31m[K^~~~~~~~~~~~~~~~~~[m[K
make[2]: *** [CMakeFiles/autoware_auto_msgs__rosidl_typesupport_fastrtps_cpp.dir/build.make:110: CMakeFiles/autoware_auto_msgs__rosidl_typesupport_fastrtps_cpp.dir/rosidl_typesupport_fastrtps_cpp/autoware_auto_msgs/msg/detail/dds_fastrtps/vehicle_control_command__type_support.cpp.o] Error 1
make[1]: *** [CMakeFiles/Makefile2:327: CMakeFiles/autoware_auto_msgs__rosidl_typesupport_fastrtps_cpp.dir/all] Error 2
make: *** [Makefile:141: all] Error 2
